Mono path[0] = '/home/swrneko/Games/SteamLibrary/steamapps/common/SUPERHOT/SUPERHOT_Data/Managed'
Mono config path = '/home/swrneko/Games/SteamLibrary/steamapps/common/SUPERHOT/SUPERHOT_Data/MonoBleedingEdge/etc'
Preloaded 'ScreenSelector.so'
Preloaded 'libCSteamworks.so'
Preloaded 'libsteam_api.so'
Display 0 'DP-1 27"': 2560x1440 (primary device).
Desktop is 2560 x 1440 @ 165 Hz
Initialize engine version: 2020.3.24f1 (79c78de19888)
[Subsystems] Discovering subsystems at path /home/swrneko/Games/SteamLibrary/steamapps/common/SUPERHOT/SUPERHOT_Data/UnitySubsystems
GfxDevice: creating device client; threaded=1
Renderer: AMD Radeon RX 580 2048SP (radeonsi, polaris10, LLVM 18.1.8, DRM 3.59, 6.11.5-arch1-1)
Vendor:   AMD
Version:  4.6 (Core Profile) Mesa 24.2.5-arch1.1
GLES:     0
 GL_AMD_conservative_depth GL_AMD_depth_clamp_separate GL_AMD_draw_buffers_blend GL_AMD_framebuffer_multisample_advanced GL_AMD_gpu_shader_int64 GL_AMD_multi_draw_indirect GL_AMD_performance_monitor GL_AMD_pinned_memory GL_AMD_query_buffer_object GL_AMD_seamless_cubemap_per_texture GL_AMD_shader_stencil_export GL_AMD_shader_trinary_minmax GL_AMD_texture_texture4 GL_AMD_vertex_shader_layer GL_AMD_vertex_shader_viewport_index GL_ANGLE_texture_compression_dxt3 GL_ANGLE_texture_compression_dxt5 GL_ARB_ES2_compatibility GL_ARB_ES3_1_compatibility GL_ARB_ES3_2_compatibility GL_ARB_ES3_compatibility GL_ARB_arrays_of_arrays GL_ARB_base_instance GL_ARB_bindless_texture GL_ARB_blend_func_extended GL_ARB_buffer_storage GL_ARB_clear_buffer_object GL_ARB_clear_texture GL_ARB_clip_control GL_ARB_color_buffer_float GL_ARB_compressed_texture_pixel_storage GL_ARB_compute_shader GL_ARB_compute_variable_group_size GL_ARB_conditional_render_inverted GL_ARB_conservative_depth GL_ARB_copy_buffer GL_ARB_copy_image GL_ARB_cull_dist
ance GL_ARB_debug_output GL_ARB_depth_buffer_float GL_ARB_depth_clamp GL_ARB_derivative_control GL_ARB_direct_state_access GL_ARB_draw_buffers GL_ARB_draw_buffers_blend GL_ARB_draw_elements_base_vertex GL_ARB_draw_indirect GL_ARB_draw_instanced GL_ARB_enhanced_layouts GL_ARB_explicit_attrib_location GL_ARB_explicit_uniform_location GL_ARB_fragment_coord_conventions GL_ARB_fragment_layer_viewport GL_ARB_fragment_shader GL_ARB_framebuffer_no_attachments GL_ARB_framebuffer_object GL_ARB_framebuffer_sRGB GL_ARB_get_program_binary GL_ARB_get_texture_sub_image GL_ARB_gl_spirv GL_ARB_gpu_shader5 GL_ARB_gpu_shader_fp64 GL_ARB_gpu_shader_int64 GL_ARB_half_float_pixel GL_ARB_half_float_vertex GL_ARB_indirect_parameters GL_ARB_instanced_arrays GL_ARB_internalformat_query GL_ARB_internalformat_query2 GL_ARB_invalidate_subdata GL_ARB_map_buffer_alignment GL_ARB_map_buffer_range GL_ARB_multi_bind GL_ARB_multi_draw_indirect GL_ARB_occlusion_query2 GL_ARB_parallel_shader_compile GL_ARB_pipeline_statistics_query GL_ARB_pixel
_buffer_object GL_ARB_point_sprite GL_ARB_polygon_offset_clamp GL_ARB_program_interface_query GL_ARB_provoking_vertex GL_ARB_query_buffer_object GL_ARB_robust_buffer_access_behavior GL_ARB_robustness GL_ARB_sample_shading GL_ARB_sampler_objects GL_ARB_seamless_cube_map GL_ARB_seamless_cubemap_per_texture GL_ARB_separate_shader_objects GL_ARB_shader_atomic_counter_ops GL_ARB_shader_atomic_counters GL_ARB_shader_ballot GL_ARB_shader_bit_encoding GL_ARB_shader_clock GL_ARB_shader_draw_parameters GL_ARB_shader_group_vote GL_ARB_shader_image_load_store GL_ARB_shader_image_size GL_ARB_shader_objects GL_ARB_shader_precision GL_ARB_shader_stencil_export GL_ARB_shader_storage_buffer_object GL_ARB_shader_subroutine GL_ARB_shader_texture_image_samples GL_ARB_shader_texture_lod GL_ARB_shader_viewport_layer_array GL_ARB_shading_language_420pack GL_ARB_shading_language_include GL_ARB_shading_language_packing GL_ARB_spirv_extensions GL_ARB_stencil_texturing GL_ARB_sync GL_ARB_tessellation_shader GL_ARB_texture_barrier GL_A
RB_texture_border_clamp GL_ARB_texture_buffer_object GL_ARB_texture_buffer_object_rgb32 GL_ARB_texture_buffer_range GL_ARB_texture_compression_bptc GL_ARB_texture_compression_rgtc GL_ARB_texture_cube_map_array GL_ARB_texture_filter_anisotropic GL_ARB_texture_filter_minmax GL_ARB_texture_float GL_ARB_texture_gather GL_ARB_texture_mirror_clamp_to_edge GL_ARB_texture_multisample GL_ARB_texture_non_power_of_two GL_ARB_texture_query_levels GL_ARB_texture_query_lod GL_ARB_texture_rectangle GL_ARB_texture_rg GL_ARB_texture_rgb10_a2ui GL_ARB_texture_stencil8 GL_ARB_texture_storage GL_ARB_texture_storage_multisample GL_ARB_texture_swizzle GL_ARB_texture_view GL_ARB_timer_query GL_ARB_transform_feedback2 GL_ARB_transform_feedback3 GL_ARB_transform_feedback_instanced GL_ARB_transform_feedback_overflow_query GL_ARB_uniform_buffer_object GL_ARB_vertex_array_bgra GL_ARB_vertex_array_object GL_ARB_vertex_attrib_64bit GL_ARB_vertex_attrib_binding GL_ARB_vertex_buffer_object GL_ARB_vertex_shader GL_ARB_vertex_type_10f_11f_11
f_rev GL_ARB_vertex_type_2_10_10_10_rev GL_ARB_viewport_array GL_ATI_blend_equation_separate GL_ATI_meminfo GL_ATI_texture_float GL_ATI_texture_mirror_once GL_EXT_EGL_image_storage GL_EXT_EGL_image_storage_compression GL_EXT_EGL_sync GL_EXT_abgr GL_EXT_blend_equation_separate GL_EXT_debug_label GL_EXT_demote_to_helper_invocation GL_EXT_depth_bounds_test GL_EXT_draw_buffers2 GL_EXT_draw_instanced GL_EXT_framebuffer_blit GL_EXT_framebuffer_multisample GL_EXT_framebuffer_multisample_blit_scaled GL_EXT_framebuffer_object GL_EXT_framebuffer_sRGB GL_EXT_memory_object GL_EXT_memory_object_fd GL_EXT_packed_depth_stencil GL_EXT_packed_float GL_EXT_pixel_buffer_object GL_EXT_polygon_offset_clamp GL_EXT_provoking_vertex GL_EXT_semaphore GL_EXT_semaphore_fd GL_EXT_shader_image_load_formatted GL_EXT_shader_image_load_store GL_EXT_shader_integer_mix GL_EXT_shader_samples_identical GL_EXT_texture_array GL_EXT_texture_compression_dxt1 GL_EXT_texture_compression_rgtc GL_EXT_texture_compression_s3tc GL_EXT_texture_filter_anis
otropic GL_EXT_texture_filter_minmax GL_EXT_texture_integer GL_EXT_texture_mirror_clamp GL_EXT_texture_sRGB GL_EXT_texture_sRGB_R8 GL_EXT_texture_sRGB_decode GL_EXT_texture_shadow_lod GL_EXT_texture_shared_exponent GL_EXT_texture_snorm GL_EXT_texture_storage GL_EXT_texture_swizzle GL_EXT_timer_query GL_EXT_transform_feedback GL_EXT_vertex_array_bgra GL_EXT_vertex_attrib_64bit GL_EXT_window_rectangles GL_IBM_multimode_draw_arrays GL_INTEL_blackhole_render GL_KHR_blend_equation_advanced GL_KHR_context_flush_control GL_KHR_debug GL_KHR_no_error GL_KHR_parallel_shader_compile GL_KHR_robust_buffer_access_behavior GL_KHR_robustness GL_KHR_texture_compression_astc_ldr GL_KHR_texture_compression_astc_sliced_3d GL_MESA_framebuffer_flip_y GL_MESA_pack_invert GL_MESA_shader_integer_functions GL_MESA_texture_const_bandwidth GL_MESA_texture_signed_rgba GL_NVX_gpu_memory_info GL_NV_alpha_to_coverage_dither_control GL_NV_compute_shader_derivatives GL_NV_conditional_render GL_NV_copy_image GL_NV_depth_clamp GL_NV_packed_dep
th_stencil GL_NV_shader_atomic_int64 GL_NV_texture_barrier GL_NV_vdpau_interop GL_OES_EGL_image GL_S3_s3tc
OPENGL LOG: Creating OpenGL 4.6 graphics device ; Context level  <OpenGL 4.5> ; Context handle 811650048
Begin MonoManager ReloadAssembly
- Completed reload, in  0.069 seconds
OnLevelWasLoaded was found on LevelSetup
This message has been deprecated and will be removed in a later version of Unity.
Add a delegate to SceneManager.sceneLoaded instead to get notifications after scene loading has completed
Default vsync count 1
requesting resize 2560 x 1440
Using native desktop resolution 2560 x 1440
requesting fullscreen 2560 x 1440 at 0 Hz
Desktop is 2560 x 1440 @ 165 Hz
UnloadTime: 0.768417 ms
Inconsistent value (1) for DRI_PRIME. Should be < 1 (GPU devices count). Using: 0
Setting breakpad minidump AppID = 322500
Steam_SetMinidumpSteamID:  Caching Steam ID:  76561199106237815 [API loaded no]
Backup creation result: Successful
0:3(12): error: extension `GL_OVR_multiview2' unsupported in vertex shader

Note: Creation of internal variant of shader 'Hidden/InternalClear' failed.
0:3(12): error: extension `GL_OVR_multiview2' unsupported in vertex shader

Note: Creation of internal variant of shader 'Hidden/InternalClear' failed.
0:3(12): error: extension `GL_OVR_multiview2' unsupported in vertex shader

Note: Creation of internal variant of shader 'Hidden/InternalClear' failed.
0:3(12): error: extension `GL_OVR_multiview2' unsupported in vertex shader

Note: Creation of internal variant of shader 'Hidden/InternalClear' failed.
0:3(12): error: extension `GL_OVR_multiview2' unsupported in vertex shader

Note: Creation of internal variant of shader 'Hidden/InternalClear' failed.
0:3(12): error: extension `GL_OVR_multiview2' unsupported in vertex shader

Note: Creation of internal variant of shader 'Hidden/InternalClear' failed.
0:3(12): error: extension `GL_OVR_multiview2' unsupported in vertex shader

Note: Creation of internal variant of shader 'Hidden/InternalClear' failed.
0:3(12): error: extension `GL_OVR_multiview2' unsupported in vertex shader

Note: Creation of internal variant of shader 'Hidden/InternalClear' failed.
0:3(12): error: extension `GL_OVR_multiview2' unsupported in vertex shader

Note: Creation of internal variant of shader 'GUI/Text Shader' failed.
0:3(12): error: extension `GL_OVR_multiview2' unsupported in vertex shader

Note: Creation of internal variant of shader 'Hidden/InternalErrorShader' failed.
Shader warmup: 7 shaders 53 combinations 0.019s
https://killstagram.azurewebsites.net/api/Uploader/nyarch-swrnekoc2f3d40061294c879e24b76966e5f3b9
Starting WebRequest for acquiring KillstagramId
Curl error 6: Could not resolve host: killstagram.azurewebsites.net
WebRequest resolved
WebRequest returned error: httpError: False, networkError: True
Error message: Cannot resolve destination host
Trying to restart Id acquiring
https://killstagram.azurewebsites.net/api/Uploader/nyarch-swrnekoc2f3d40061294c879e24b76966e5f3b9
Starting WebRequest for acquiring KillstagramId
Curl error 6: Could not resolve host: killstagram.azurewebsites.net
WebRequest resolved
WebRequest returned error: httpError: False, networkError: True
Error message: Cannot resolve destination host
Trying to restart Id acquiring
https://killstagram.azurewebsites.net/api/Uploader/nyarch-swrnekoc2f3d40061294c879e24b76966e5f3b9
Starting WebRequest for acquiring KillstagramId
Curl error 6: Could not resolve host: killstagram.azurewebsites.net
Achievement System initialization result: OK, User stats init result: OK
The referenced script (SHRLDebugWindow) on this Behaviour is missing!
The referenced script (DebugWindowDisplay) on this Behaviour is missing!
The referenced script on this Behaviour (Game Object 'BaseSystems(Clone)') is missing!
The referenced script on this Behaviour (Game Object 'BaseSystems(Clone)') is missing!
The referenced script on this Behaviour (Game Object 'prober') is missing!
The referenced script on this Behaviour (Game Object 'AchivManager') is missing!
The referenced script on this Behaviour (Game Object 'AchivManager') is missing!
Unloading 6 Unused Serialized files (Serialized files now loaded: 0)
Setting up 14 worker threads for Enlighten.
  Thread -> id: 76d89fe006c0 -> priority: 1 
  Thread -> id: 76d89ec006c0 -> priority: 1 
  Thread -> id: 76d89da006c0 -> priority: 1 
  Thread -> id: 76d893e006c0 -> priority: 1 
  Thread -> id: 76d892c006c0 -> priority: 1 
  Thread -> id: 76d891a006c0 -> priority: 1 
  Thread -> id: 76d87fe006c0 -> priority: 1 
  Thread -> id: 76d87ec006c0 -> priority: 1 
  Thread -> id: 76d87da006c0 -> priority: 1 
  Thread -> id: 76d873e006c0 -> priority: 1 
  Thread -> id: 76d872c006c0 -> priority: 1 
  Thread -> id: 76d871a006c0 -> priority: 1 
  Thread -> id: 76d85fe006c0 -> priority: 1 
  Thread -> id: 76d85ec006c0 -> priority: 1 
WebRequest resolved
WebRequest returned error: httpError: False, networkError: True
Error message: Cannot resolve destination host
Trying to restart Id acquiring
https://killstagram.azurewebsites.net/api/Uploader/nyarch-swrnekoc2f3d40061294c879e24b76966e5f3b9
Starting WebRequest for acquiring KillstagramId
Curl error 6: Could not resolve host: killstagram.azurewebsites.net
WebRequest resolved
WebRequest returned error: httpError: False, networkError: True
Error message: Cannot resolve destination host
Trying to restart Id acquiring
https://killstagram.azurewebsites.net/api/Uploader/nyarch-swrnekoc2f3d40061294c879e24b76966e5f3b9
Starting WebRequest for acquiring KillstagramId
Curl error 6: Could not resolve host: killstagram.azurewebsites.net
UnloadTime: 1.594392 ms
Shader warmup: 59 shaders 309 combinations 0.366s
WebRequest resolved
WebRequest returned error: httpError: False, networkError: True
Error message: Cannot resolve destination host
Couldn't acquire Killstagram ID. Game will only be registered anonymously and claiming will be disabled.

Unloading 25 unused Assets to reduce memory usage. Loaded Objects now: 3878.
Total: 7.023259 ms (FindLiveObjects: 0.203051 ms CreateObjectMapping: 0.123333 ms MarkObjects: 6.346496 ms  DeleteObjects: 0.350030 ms)

The referenced script on this Behaviour (Game Object 'LevelFlowControl') is missing!
Unloading 5 Unused Serialized files (Serialized files now loaded: 0)
UnloadTime: 0.772380 ms

Unloading 7 unused Assets to reduce memory usage. Loaded Objects now: 20371.
Total: 14.405810 ms (FindLiveObjects: 0.848692 ms CreateObjectMapping: 0.387961 ms MarkObjects: 13.117146 ms  DeleteObjects: 0.051603 ms)

Shader warmup: 91 shaders 1378 combinations 1.624s
The referenced script (SHRLDebugWindow) on this Behaviour is missing!
The referenced script (DebugWindowDisplay) on this Behaviour is missing!
The referenced script on this Behaviour (Game Object 'BaseSystems(Clone)') is missing!
The referenced script on this Behaviour (Game Object 'BaseSystems(Clone)') is missing!
The referenced script on this Behaviour (Game Object 'prober') is missing!
The referenced script on this Behaviour (Game Object 'AchivManager') is missing!
The referenced script on this Behaviour (Game Object 'AchivManager') is missing!
Unloading 5 Unused Serialized files (Serialized files now loaded: 0)
UnloadTime: 32.118213 ms

Unloading 1466 unused Assets to reduce memory usage. Loaded Objects now: 6455.
Total: 23.509954 ms (FindLiveObjects: 0.597895 ms CreateObjectMapping: 0.459158 ms MarkObjects: 17.014809 ms  DeleteObjects: 5.437335 ms)

Shader warmup: 92 shaders 1379 combinations 0.013s
The referenced script on this Behaviour (Game Object 'LevelFlowControl') is missing!
Unloading 5 Unused Serialized files (Serialized files now loaded: 0)
UnloadTime: 0.695631 ms

Unloading 20 unused Assets to reduce memory usage. Loaded Objects now: 20466.
Total: 15.161058 ms (FindLiveObjects: 0.928365 ms CreateObjectMapping: 0.370406 ms MarkObjects: 13.780982 ms  DeleteObjects: 0.080862 ms)

Shader warmup: 92 shaders 1379 combinations 0.003s
The referenced script on this Behaviour (Game Object 'LevelFlowControl') is missing!
Unloading 5 Unused Serialized files (Serialized files now loaded: 0)
UnloadTime: 24.130595 ms

Unloading 53 unused Assets to reduce memory usage. Loaded Objects now: 20659.
Total: 23.987188 ms (FindLiveObjects: 1.341049 ms CreateObjectMapping: 0.545162 ms MarkObjects: 21.772383 ms  DeleteObjects: 0.327756 ms)

Shader warmup: 93 shaders 1380 combinations 0.005s
The referenced script (SHRLDebugWindow) on this Behaviour is missing!
The referenced script (DebugWindowDisplay) on this Behaviour is missing!
The referenced script on this Behaviour (Game Object 'BaseSystems(Clone)') is missing!
The referenced script on this Behaviour (Game Object 'BaseSystems(Clone)') is missing!
The referenced script on this Behaviour (Game Object 'prober') is missing!
The referenced script on this Behaviour (Game Object 'AchivManager') is missing!
The referenced script on this Behaviour (Game Object 'AchivManager') is missing!
Unloading 5 Unused Serialized files (Serialized files now loaded: 0)
UnloadTime: 21.664430 ms

Unloading 1465 unused Assets to reduce memory usage. Loaded Objects now: 6703.
Total: 20.470141 ms (FindLiveObjects: 0.538512 ms CreateObjectMapping: 0.394646 ms MarkObjects: 14.489070 ms  DeleteObjects: 5.047276 ms)

Shader warmup: 93 shaders 1380 combinations 0.004s
The referenced script on this Behaviour (Game Object 'LevelFlowControl') is missing!
Unloading 5 Unused Serialized files (Serialized files now loaded: 0)
UnloadTime: 1.069722 ms

Unloading 20 unused Assets to reduce memory usage. Loaded Objects now: 20715.
Total: 24.996278 ms (FindLiveObjects: 1.590903 ms CreateObjectMapping: 0.870916 ms MarkObjects: 22.421333 ms  DeleteObjects: 0.112504 ms)

Shader warmup: 93 shaders 1380 combinations 0.003s
The referenced script (SHRLDebugWindow) on this Behaviour is missing!
The referenced script (DebugWindowDisplay) on this Behaviour is missing!
The referenced script on this Behaviour (Game Object 'BaseSystems(Clone)') is missing!
The referenced script on this Behaviour (Game Object 'BaseSystems(Clone)') is missing!
The referenced script on this Behaviour (Game Object 'prober') is missing!
The referenced script on this Behaviour (Game Object 'AchivManager') is missing!
The referenced script on this Behaviour (Game Object 'AchivManager') is missing!
Unloading 5 Unused Serialized files (Serialized files now loaded: 0)
UnloadTime: 20.439642 ms

Unloading 1486 unused Assets to reduce memory usage. Loaded Objects now: 6884.
Total: 20.847916 ms (FindLiveObjects: 0.530393 ms CreateObjectMapping: 0.375212 ms MarkObjects: 14.653449 ms  DeleteObjects: 5.288343 ms)

Shader warmup: 93 shaders 1380 combinations 0.004s
The referenced script on this Behaviour (Game Object 'LevelFlowControl') is missing!
Unloading 6 Unused Serialized files (Serialized files now loaded: 0)
UnloadTime: 1.060060 ms

Unloading 23 unused Assets to reduce memory usage. Loaded Objects now: 14668.
Total: 22.701229 ms (FindLiveObjects: 1.100115 ms CreateObjectMapping: 0.599392 ms MarkObjects: 20.880373 ms  DeleteObjects: 0.120687 ms)

Shader warmup: 94 shaders 1405 combinations 0.286s
The referenced script (SHRLDebugWindow) on this Behaviour is missing!
The referenced script (DebugWindowDisplay) on this Behaviour is missing!
The referenced script on this Behaviour (Game Object 'BaseSystems(Clone)') is missing!
The referenced script on this Behaviour (Game Object 'BaseSystems(Clone)') is missing!
The referenced script on this Behaviour (Game Object 'prober') is missing!
The referenced script on this Behaviour (Game Object 'AchivManager') is missing!
The referenced script on this Behaviour (Game Object 'AchivManager') is missing!
Unloading 5 Unused Serialized files (Serialized files now loaded: 0)
UnloadTime: 15.776657 ms

Unloading 1528 unused Assets to reduce memory usage. Loaded Objects now: 6978.
Total: 24.753595 ms (FindLiveObjects: 0.677443 ms CreateObjectMapping: 0.493227 ms MarkObjects: 17.320795 ms  DeleteObjects: 6.261407 ms)

Shader warmup: 94 shaders 1405 combinations 0.004s
The referenced script on this Behaviour (Game Object 'LevelFlowControl') is missing!
Unloading 6 Unused Serialized files (Serialized files now loaded: 0)
UnloadTime: 1.081509 ms

Unloading 19 unused Assets to reduce memory usage. Loaded Objects now: 16061.
Total: 17.356221 ms (FindLiveObjects: 0.773173 ms CreateObjectMapping: 0.378771 ms MarkObjects: 16.132706 ms  DeleteObjects: 0.071169 ms)

Shader warmup: 94 shaders 1405 combinations 0.003s
The referenced script on this Behaviour (Game Object 'LevelFlowControl') is missing!
Unloading 6 Unused Serialized files (Serialized files now loaded: 0)
UnloadTime: 19.427377 ms

Unloading 147 unused Assets to reduce memory usage. Loaded Objects now: 16134.
Total: 20.525255 ms (FindLiveObjects: 1.057585 ms CreateObjectMapping: 0.438880 ms MarkObjects: 17.470016 ms  DeleteObjects: 1.558279 ms)

Shader warmup: 94 shaders 1405 combinations 0.003s
The referenced script on this Behaviour (Game Object 'LevelFlowControl') is missing!
Unloading 6 Unused Serialized files (Serialized files now loaded: 0)
UnloadTime: 17.282260 ms

Unloading 71 unused Assets to reduce memory usage. Loaded Objects now: 16185.
Total: 16.908753 ms (FindLiveObjects: 0.744405 ms CreateObjectMapping: 0.372696 ms MarkObjects: 15.103375 ms  DeleteObjects: 0.687736 ms)

Shader warmup: 94 shaders 1405 combinations 0.003s
The referenced script (SHRLDebugWindow) on this Behaviour is missing!
The referenced script (DebugWindowDisplay) on this Behaviour is missing!
The referenced script on this Behaviour (Game Object 'BaseSystems(Clone)') is missing!
The referenced script on this Behaviour (Game Object 'BaseSystems(Clone)') is missing!
The referenced script on this Behaviour (Game Object 'prober') is missing!
The referenced script on this Behaviour (Game Object 'AchivManager') is missing!
The referenced script on this Behaviour (Game Object 'AchivManager') is missing!
Unloading 5 Unused Serialized files (Serialized files now loaded: 0)
UnloadTime: 15.258144 ms

Unloading 1441 unused Assets to reduce memory usage. Loaded Objects now: 7162.
Total: 23.417940 ms (FindLiveObjects: 0.631907 ms CreateObjectMapping: 0.434088 ms MarkObjects: 16.588137 ms  DeleteObjects: 5.763105 ms)

Shader warmup: 94 shaders 1405 combinations 0.004s
Couldn't create a Convex Mesh from source mesh "Cube" within the maximum polygons limit (256). The partial hull will be used. Consider simplifying your mesh.
The referenced script on this Behaviour (Game Object 'LevelFlowControl') is missing!
Unloading 7 Unused Serialized files (Serialized files now loaded: 0)
UnloadTime: 1.123713 ms

Unloading 20 unused Assets to reduce memory usage. Loaded Objects now: 19719.
Total: 23.988414 ms (FindLiveObjects: 1.375775 ms CreateObjectMapping: 0.636107 ms MarkObjects: 21.864456 ms  DeleteObjects: 0.111436 ms)

Shader warmup: 96 shaders 1433 combinations 0.322s
old audio! plase remove the atmSoundFader.cs script and attach the audio to the ambience mixer
The referenced script on this Behaviour (Game Object 'LevelFlowControl') is missing!
Unloading 7 Unused Serialized files (Serialized files now loaded: 0)
UnloadTime: 21.123279 ms

Unloading 118 unused Assets to reduce memory usage. Loaded Objects now: 19786.
Total: 29.493120 ms (FindLiveObjects: 1.532103 ms CreateObjectMapping: 0.612380 ms MarkObjects: 26.128321 ms  DeleteObjects: 1.219741 ms)

Shader warmup: 96 shaders 1433 combinations 0.004s
old audio! plase remove the atmSoundFader.cs script and attach the audio to the ambience mixer
The referenced script on this Behaviour (Game Object 'LevelFlowControl') is missing!
Unloading 7 Unused Serialized files (Serialized files now loaded: 0)
UnloadTime: 22.175170 ms

Unloading 104 unused Assets to reduce memory usage. Loaded Objects now: 19829.
Total: 25.346494 ms (FindLiveObjects: 1.354576 ms CreateObjectMapping: 0.619345 ms MarkObjects: 22.371504 ms  DeleteObjects: 1.000487 ms)

Shader warmup: 96 shaders 1433 combinations 0.003s
old audio! plase remove the atmSoundFader.cs script and attach the audio to the ambience mixer
The referenced script on this Behaviour (Game Object 'LevelFlowControl') is missing!
Unloading 7 Unused Serialized files (Serialized files now loaded: 0)
UnloadTime: 23.953840 ms

Unloading 135 unused Assets to reduce memory usage. Loaded Objects now: 19886.
Total: 32.616153 ms (FindLiveObjects: 1.355415 ms CreateObjectMapping: 0.646569 ms MarkObjects: 29.145233 ms  DeleteObjects: 1.468302 ms)

Shader warmup: 96 shaders 1433 combinations 0.005s
old audio! plase remove the atmSoundFader.cs script and attach the audio to the ambience mixer
The referenced script on this Behaviour (Game Object 'LevelFlowControl') is missing!
Unloading 7 Unused Serialized files (Serialized files now loaded: 0)
UnloadTime: 21.504517 ms

Unloading 117 unused Assets to reduce memory usage. Loaded Objects now: 19927.
Total: 26.665761 ms (FindLiveObjects: 1.307196 ms CreateObjectMapping: 0.611701 ms MarkObjects: 23.474995 ms  DeleteObjects: 1.271261 ms)

Shader warmup: 96 shaders 1433 combinations 0.003s
old audio! plase remove the atmSoundFader.cs script and attach the audio to the ambience mixer
The referenced script on this Behaviour (Game Object 'LevelFlowControl') is missing!
Unloading 7 Unused Serialized files (Serialized files now loaded: 0)
UnloadTime: 13.532757 ms

Unloading 116 unused Assets to reduce memory usage. Loaded Objects now: 19969.
Total: 18.102362 ms (FindLiveObjects: 0.958618 ms CreateObjectMapping: 0.421274 ms MarkObjects: 15.739827 ms  DeleteObjects: 0.982133 ms)

Shader warmup: 96 shaders 1433 combinations 0.003s
old audio! plase remove the atmSoundFader.cs script and attach the audio to the ambience mixer
The referenced script (SHRLDebugWindow) on this Behaviour is missing!
The referenced script (DebugWindowDisplay) on this Behaviour is missing!
The referenced script on this Behaviour (Game Object 'BaseSystems(Clone)') is missing!
The referenced script on this Behaviour (Game Object 'BaseSystems(Clone)') is missing!
The referenced script on this Behaviour (Game Object 'prober') is missing!
The referenced script on this Behaviour (Game Object 'AchivManager') is missing!
The referenced script on this Behaviour (Game Object 'AchivManager') is missing!
Unloading 5 Unused Serialized files (Serialized files now loaded: 0)
UnloadTime: 19.353022 ms

Unloading 1736 unused Assets to reduce memory usage. Loaded Objects now: 7524.
Total: 23.939938 ms (FindLiveObjects: 0.654330 ms CreateObjectMapping: 0.420820 ms MarkObjects: 14.655865 ms  DeleteObjects: 8.208393 ms)

Shader warmup: 96 shaders 1433 combinations 0.004s
The referenced script on this Behaviour (Game Object 'LevelFlowControl') is missing!
Unloading 8 Unused Serialized files (Serialized files now loaded: 0)
UnloadTime: 1.112858 ms

Unloading 21 unused Assets to reduce memory usage. Loaded Objects now: 17993.
Total: 22.491617 ms (FindLiveObjects: 1.332326 ms CreateObjectMapping: 0.615476 ms MarkObjects: 20.457316 ms  DeleteObjects: 0.086016 ms)

Shader warmup: 96 shaders 1433 combinations 0.003s
The referenced script on this Behaviour (Game Object 'LevelFlowControl') is missing!
Unloading 8 Unused Serialized files (Serialized files now loaded: 0)
UnloadTime: 21.033475 ms

Unloading 57 unused Assets to reduce memory usage. Loaded Objects now: 18102.
Total: 31.532405 ms (FindLiveObjects: 1.400566 ms CreateObjectMapping: 0.652972 ms MarkObjects: 28.844357 ms  DeleteObjects: 0.633926 ms)

Shader warmup: 97 shaders 1449 combinations 0.242s
The referenced script on this Behaviour (Game Object 'LevelFlowControl') is missing!
Unloading 8 Unused Serialized files (Serialized files now loaded: 0)
UnloadTime: 13.846688 ms

Unloading 55 unused Assets to reduce memory usage. Loaded Objects now: 18142.
Total: 16.292296 ms (FindLiveObjects: 0.817386 ms CreateObjectMapping: 0.355268 ms MarkObjects: 14.709495 ms  DeleteObjects: 0.409817 ms)

Shader warmup: 97 shaders 1449 combinations 0.003s
The referenced script on this Behaviour (Game Object 'LevelFlowControl') is missing!
Unloading 8 Unused Serialized files (Serialized files now loaded: 0)
UnloadTime: 19.946657 ms

Unloading 55 unused Assets to reduce memory usage. Loaded Objects now: 18376.
Total: 37.106641 ms (FindLiveObjects: 1.322989 ms CreateObjectMapping: 0.595004 ms MarkObjects: 34.617460 ms  DeleteObjects: 0.570530 ms)

Shader warmup: 97 shaders 1449 combinations 0.004s
The referenced script on this Behaviour (Game Object 'LevelFlowControl') is missing!
Unloading 8 Unused Serialized files (Serialized files now loaded: 0)
UnloadTime: 21.496464 ms

Unloading 55 unused Assets to reduce memory usage. Loaded Objects now: 18429.
Total: 34.902383 ms (FindLiveObjects: 1.411411 ms CreateObjectMapping: 0.675284 ms MarkObjects: 32.260963 ms  DeleteObjects: 0.554135 ms)

Shader warmup: 97 shaders 1449 combinations 0.004s
The referenced script on this Behaviour (Game Object 'LevelFlowControl') is missing!
Unloading 8 Unused Serialized files (Serialized files now loaded: 0)
UnloadTime: 22.601118 ms

Unloading 54 unused Assets to reduce memory usage. Loaded Objects now: 18470.
Total: 25.480307 ms (FindLiveObjects: 1.411390 ms CreateObjectMapping: 0.646007 ms MarkObjects: 22.840100 ms  DeleteObjects: 0.582223 ms)

Shader warmup: 97 shaders 1449 combinations 0.004s
The referenced script on this Behaviour (Game Object 'LevelFlowControl') is missing!
Unloading 8 Unused Serialized files (Serialized files now loaded: 0)
UnloadTime: 21.761133 ms

Unloading 55 unused Assets to reduce memory usage. Loaded Objects now: 18507.
Total: 26.633350 ms (FindLiveObjects: 1.443783 ms CreateObjectMapping: 0.641479 ms MarkObjects: 23.882650 ms  DeleteObjects: 0.664810 ms)

Shader warmup: 97 shaders 1449 combinations 0.004s
The referenced script on this Behaviour (Game Object 'LevelFlowControl') is missing!
Unloading 8 Unused Serialized files (Serialized files now loaded: 0)
UnloadTime: 18.838924 ms

Unloading 55 unused Assets to reduce memory usage. Loaded Objects now: 18560.
Total: 31.947550 ms (FindLiveObjects: 1.504424 ms CreateObjectMapping: 0.641419 ms MarkObjects: 29.196959 ms  DeleteObjects: 0.604230 ms)

Shader warmup: 97 shaders 1449 combinations 0.004s
The referenced script on this Behaviour (Game Object 'LevelFlowControl') is missing!
Unloading 8 Unused Serialized files (Serialized files now loaded: 0)
UnloadTime: 19.632831 ms

Unloading 54 unused Assets to reduce memory usage. Loaded Objects now: 18600.
Total: 30.423717 ms (FindLiveObjects: 1.587906 ms CreateObjectMapping: 0.636107 ms MarkObjects: 27.606915 ms  DeleteObjects: 0.592178 ms)

Shader warmup: 97 shaders 1449 combinations 0.004s
The referenced script on this Behaviour (Game Object 'LevelFlowControl') is missing!
Unloading 8 Unused Serialized files (Serialized files now loaded: 0)
UnloadTime: 19.487422 ms

Unloading 55 unused Assets to reduce memory usage. Loaded Objects now: 18639.
Total: 30.979301 ms (FindLiveObjects: 1.554453 ms CreateObjectMapping: 0.645050 ms MarkObjects: 28.103945 ms  DeleteObjects: 0.675112 ms)

Shader warmup: 97 shaders 1449 combinations 0.007s
The referenced script on this Behaviour (Game Object 'LevelFlowControl') is missing!
Unloading 8 Unused Serialized files (Serialized files now loaded: 0)
UnloadTime: 13.293958 ms

Unloading 54 unused Assets to reduce memory usage. Loaded Objects now: 18678.
Total: 15.258682 ms (FindLiveObjects: 0.977372 ms CreateObjectMapping: 0.437826 ms MarkObjects: 13.456027 ms  DeleteObjects: 0.387024 ms)

Shader warmup: 97 shaders 1449 combinations 0.002s
The referenced script on this Behaviour (Game Object 'LevelFlowControl') is missing!
Unloading 8 Unused Serialized files (Serialized files now loaded: 0)
UnloadTime: 23.365677 ms

Unloading 55 unused Assets to reduce memory usage. Loaded Objects now: 18716.
Total: 22.047591 ms (FindLiveObjects: 1.293321 ms CreateObjectMapping: 0.561202 ms MarkObjects: 19.667820 ms  DeleteObjects: 0.524727 ms)

Shader warmup: 97 shaders 1449 combinations 0.003s
The referenced script on this Behaviour (Game Object 'LevelFlowControl') is missing!
Unloading 8 Unused Serialized files (Serialized files now loaded: 0)
UnloadTime: 14.994198 ms

Unloading 54 unused Assets to reduce memory usage. Loaded Objects now: 18756.
Total: 16.416466 ms (FindLiveObjects: 0.889454 ms CreateObjectMapping: 0.383976 ms MarkObjects: 14.743533 ms  DeleteObjects: 0.399098 ms)

Shader warmup: 97 shaders 1449 combinations 0.003s
The referenced script on this Behaviour (Game Object 'LevelFlowControl') is missing!
Unloading 8 Unused Serialized files (Serialized files now loaded: 0)
UnloadTime: 20.452863 ms

Unloading 56 unused Assets to reduce memory usage. Loaded Objects now: 18812.
Total: 38.200175 ms (FindLiveObjects: 1.518543 ms CreateObjectMapping: 0.664125 ms MarkObjects: 35.404250 ms  DeleteObjects: 0.612676 ms)

Shader warmup: 97 shaders 1449 combinations 0.004s
The referenced script (SHRLDebugWindow) on this Behaviour is missing!
The referenced script (DebugWindowDisplay) on this Behaviour is missing!
The referenced script on this Behaviour (Game Object 'BaseSystems(Clone)') is missing!
The referenced script on this Behaviour (Game Object 'BaseSystems(Clone)') is missing!
The referenced script on this Behaviour (Game Object 'prober') is missing!
The referenced script on this Behaviour (Game Object 'AchivManager') is missing!
The referenced script on this Behaviour (Game Object 'AchivManager') is missing!
Unloading 5 Unused Serialized files (Serialized files now loaded: 0)
UnloadTime: 23.938621 ms

Unloading 1429 unused Assets to reduce memory usage. Loaded Objects now: 8403.
Total: 23.457560 ms (FindLiveObjects: 0.820900 ms CreateObjectMapping: 0.487837 ms MarkObjects: 16.661125 ms  DeleteObjects: 5.486952 ms)

Shader warmup: 97 shaders 1449 combinations 0.004s
The referenced script on this Behaviour (Game Object 'LevelFlowControl') is missing!
Unloading 8 Unused Serialized files (Serialized files now loaded: 0)
UnloadTime: 1.072973 ms

Unloading 21 unused Assets to reduce memory usage. Loaded Objects now: 18866.
Total: 26.527406 ms (FindLiveObjects: 1.446543 ms CreateObjectMapping: 0.617607 ms MarkObjects: 24.354014 ms  DeleteObjects: 0.108636 ms)

Shader warmup: 97 shaders 1449 combinations 0.006s
The referenced script (SHRLDebugWindow) on this Behaviour is missing!
The referenced script (DebugWindowDisplay) on this Behaviour is missing!
The referenced script on this Behaviour (Game Object 'BaseSystems(Clone)') is missing!
The referenced script on this Behaviour (Game Object 'BaseSystems(Clone)') is missing!
The referenced script on this Behaviour (Game Object 'prober') is missing!
The referenced script on this Behaviour (Game Object 'AchivManager') is missing!
The referenced script on this Behaviour (Game Object 'AchivManager') is missing!
Unloading 5 Unused Serialized files (Serialized files now loaded: 0)
UnloadTime: 18.513619 ms

Unloading 1430 unused Assets to reduce memory usage. Loaded Objects now: 8471.
Total: 24.397288 ms (FindLiveObjects: 0.903235 ms CreateObjectMapping: 0.539507 ms MarkObjects: 16.911937 ms  DeleteObjects: 6.042007 ms)

Shader warmup: 97 shaders 1449 combinations 0.005s
The referenced script on this Behaviour (Game Object 'LevelFlowControl') is missing!
Unloading 8 Unused Serialized files (Serialized files now loaded: 0)
UnloadTime: 1.032463 ms

Unloading 24 unused Assets to reduce memory usage. Loaded Objects now: 16054.
Total: 25.476051 ms (FindLiveObjects: 1.294865 ms CreateObjectMapping: 0.608927 ms MarkObjects: 23.435936 ms  DeleteObjects: 0.135723 ms)

Shader warmup: 97 shaders 1449 combinations 0.004s
car started
car stopped
The referenced script on this Behaviour (Game Object 'LevelFlowControl') is missing!
Unloading 8 Unused Serialized files (Serialized files now loaded: 0)
UnloadTime: 26.612366 ms

Unloading 224 unused Assets to reduce memory usage. Loaded Objects now: 16103.
Total: 29.303588 ms (FindLiveObjects: 1.394451 ms CreateObjectMapping: 0.639985 ms MarkObjects: 24.145402 ms  DeleteObjects: 3.123068 ms)

Shader warmup: 97 shaders 1449 combinations 0.004s
car started
car stopped
The referenced script on this Behaviour (Game Object 'LevelFlowControl') is missing!
Unloading 8 Unused Serialized files (Serialized files now loaded: 0)
UnloadTime: 28.005903 ms

Unloading 223 unused Assets to reduce memory usage. Loaded Objects now: 16140.
Total: 30.434806 ms (FindLiveObjects: 1.408455 ms CreateObjectMapping: 0.649254 ms MarkObjects: 25.147932 ms  DeleteObjects: 3.228507 ms)

Shader warmup: 97 shaders 1449 combinations 0.004s
car started
car stopped
The referenced script on this Behaviour (Game Object 'LevelFlowControl') is missing!
Unloading 8 Unused Serialized files (Serialized files now loaded: 0)
UnloadTime: 25.481778 ms

Unloading 223 unused Assets to reduce memory usage. Loaded Objects now: 16179.
Total: 31.290347 ms (FindLiveObjects: 1.327676 ms CreateObjectMapping: 0.620342 ms MarkObjects: 26.121459 ms  DeleteObjects: 3.220224 ms)

Shader warmup: 97 shaders 1449 combinations 0.004s
car started
The referenced script on this Behaviour (Game Object 'LevelFlowControl') is missing!
Unloading 8 Unused Serialized files (Serialized files now loaded: 0)
UnloadTime: 13.566403 ms

Unloading 223 unused Assets to reduce memory usage. Loaded Objects now: 16209.
Total: 25.972773 ms (FindLiveObjects: 1.529732 ms CreateObjectMapping: 0.659971 ms MarkObjects: 20.792816 ms  DeleteObjects: 2.989589 ms)

Shader warmup: 97 shaders 1449 combinations 0.004s
car started
car stopped
The referenced script on this Behaviour (Game Object 'LevelFlowControl') is missing!
Unloading 8 Unused Serialized files (Serialized files now loaded: 0)
UnloadTime: 26.001722 ms

Unloading 223 unused Assets to reduce memory usage. Loaded Objects now: 16258.
Total: 38.398209 ms (FindLiveObjects: 1.418102 ms CreateObjectMapping: 0.640718 ms MarkObjects: 33.147405 ms  DeleteObjects: 3.191323 ms)

Shader warmup: 97 shaders 1449 combinations 0.004s
car started
car stopped
The referenced script on this Behaviour (Game Object 'LevelFlowControl') is missing!
Unloading 8 Unused Serialized files (Serialized files now loaded: 0)
UnloadTime: 24.223807 ms

Unloading 224 unused Assets to reduce memory usage. Loaded Objects now: 16299.
Total: 46.620926 ms (FindLiveObjects: 1.562547 ms CreateObjectMapping: 0.700064 ms MarkObjects: 41.662287 ms  DeleteObjects: 2.695364 ms)

Shader warmup: 97 shaders 1449 combinations 0.004s
car started
car stopped
The referenced script (SHRLDebugWindow) on this Behaviour is missing!
The referenced script (DebugWindowDisplay) on this Behaviour is missing!
The referenced script on this Behaviour (Game Object 'BaseSystems(Clone)') is missing!
The referenced script on this Behaviour (Game Object 'BaseSystems(Clone)') is missing!
The referenced script on this Behaviour (Game Object 'prober') is missing!
The referenced script on this Behaviour (Game Object 'AchivManager') is missing!
The referenced script on this Behaviour (Game Object 'AchivManager') is missing!
Unloading 5 Unused Serialized files (Serialized files now loaded: 0)
UnloadTime: 16.715801 ms

Unloading 1893 unused Assets to reduce memory usage. Loaded Objects now: 8775.
Total: 23.039804 ms (FindLiveObjects: 0.715808 ms CreateObjectMapping: 0.390346 ms MarkObjects: 14.489072 ms  DeleteObjects: 7.444148 ms)

Shader warmup: 97 shaders 1449 combinations 0.003s
The referenced script on this Behaviour (Game Object 'chair') is missing!
The referenced script on this Behaviour (Game Object 'chair') is missing!
The referenced script on this Behaviour (Game Object 'bottleThrown') is missing!
The referenced script on this Behaviour (Game Object 'bottleThrown') is missing!
Unloading 8 Unused Serialized files (Serialized files now loaded: 0)
UnloadTime: 1.049940 ms

Unloading 21 unused Assets to reduce memory usage. Loaded Objects now: 33122.
Total: 30.187514 ms (FindLiveObjects: 2.316387 ms CreateObjectMapping: 0.743144 ms MarkObjects: 27.009958 ms  DeleteObjects: 0.117499 ms)

Shader warmup: 97 shaders 1449 combinations 0.003s
The referenced script on this Behaviour (Game Object 'chair') is missing!
The referenced script on this Behaviour (Game Object 'chair') is missing!
The referenced script on this Behaviour (Game Object 'bottleThrown') is missing!
The referenced script on this Behaviour (Game Object 'bottleThrown') is missing!
Unloading 8 Unused Serialized files (Serialized files now loaded: 0)
UnloadTime: 43.080347 ms

Unloading 173 unused Assets to reduce memory usage. Loaded Objects now: 33170.
Total: 22.147893 ms (FindLiveObjects: 1.594396 ms CreateObjectMapping: 0.553255 ms MarkObjects: 18.767574 ms  DeleteObjects: 1.232264 ms)

Shader warmup: 97 shaders 1449 combinations 0.004s
The referenced script on this Behaviour (Game Object 'chair') is missing!
The referenced script on this Behaviour (Game Object 'chair') is missing!
The referenced script on this Behaviour (Game Object 'bottleThrown') is missing!
The referenced script on this Behaviour (Game Object 'bottleThrown') is missing!
Unloading 8 Unused Serialized files (Serialized files now loaded: 0)
UnloadTime: 39.069864 ms

Unloading 199 unused Assets to reduce memory usage. Loaded Objects now: 33226.
Total: 50.136229 ms (FindLiveObjects: 2.195922 ms CreateObjectMapping: 0.710014 ms MarkObjects: 45.470272 ms  DeleteObjects: 1.759510 ms)

Shader warmup: 97 shaders 1449 combinations 0.003s
The referenced script on this Behaviour (Game Object 'chair') is missing!
The referenced script on this Behaviour (Game Object 'chair') is missing!
The referenced script on this Behaviour (Game Object 'bottleThrown') is missing!
The referenced script on this Behaviour (Game Object 'bottleThrown') is missing!
Unloading 8 Unused Serialized files (Serialized files now loaded: 0)
UnloadTime: 24.346054 ms

Unloading 196 unused Assets to reduce memory usage. Loaded Objects now: 33274.
Total: 21.972217 ms (FindLiveObjects: 1.476792 ms CreateObjectMapping: 0.499262 ms MarkObjects: 18.512766 ms  DeleteObjects: 1.483064 ms)

Shader warmup: 97 shaders 1449 combinations 0.003s
The referenced script (SHRLDebugWindow) on this Behaviour is missing!
The referenced script (DebugWindowDisplay) on this Behaviour is missing!
The referenced script on this Behaviour (Game Object 'BaseSystems(Clone)') is missing!
The referenced script on this Behaviour (Game Object 'BaseSystems(Clone)') is missing!
The referenced script on this Behaviour (Game Object 'prober') is missing!
The referenced script on this Behaviour (Game Object 'AchivManager') is missing!
The referenced script on this Behaviour (Game Object 'AchivManager') is missing!
Unloading 5 Unused Serialized files (Serialized files now loaded: 0)
UnloadTime: 41.536588 ms

Unloading 549 unused Assets to reduce memory usage. Loaded Objects now: 10219.
Total: 23.759196 ms (FindLiveObjects: 0.965422 ms CreateObjectMapping: 0.508910 ms MarkObjects: 16.830714 ms  DeleteObjects: 5.453550 ms)

Shader warmup: 97 shaders 1449 combinations 0.004s
The referenced script on this Behaviour (Game Object 'LevelFlowControl') is missing!
Unloading 7 Unused Serialized files (Serialized files now loaded: 0)
UnloadTime: 1.153793 ms

Unloading 24 unused Assets to reduce memory usage. Loaded Objects now: 16649.
Total: 26.412730 ms (FindLiveObjects: 1.559487 ms CreateObjectMapping: 0.689610 ms MarkObjects: 23.936441 ms  DeleteObjects: 0.226526 ms)

Shader warmup: 97 shaders 1449 combinations 0.004s
Kinematic body only supports Speculative Continuous collision detection
Kinematic body only supports Speculative Continuous collision detection
Kinematic body only supports Speculative Continuous collision detection
Kinematic body only supports Speculative Continuous collision detection
Kinematic body only supports Speculative Continuous collision detection
Kinematic body only supports Speculative Continuous collision detection
Kinematic body only supports Speculative Continuous collision detection
Kinematic body only supports Speculative Continuous collision detection
Kinematic body only supports Speculative Continuous collision detection
Kinematic body only supports Speculative Continuous collision detection
The referenced script (SHRLDebugWindow) on this Behaviour is missing!
The referenced script (DebugWindowDisplay) on this Behaviour is missing!
The referenced script on this Behaviour (Game Object 'BaseSystems(Clone)') is missing!
The referenced script on this Behaviour (Game Object 'BaseSystems(Clone)') is missing!
The referenced script on this Behaviour (Game Object 'prober') is missing!
The referenced script on this Behaviour (Game Object 'AchivManager') is missing!
The referenced script on this Behaviour (Game Object 'AchivManager') is missing!
Unloading 5 Unused Serialized files (Serialized files now loaded: 0)
UnloadTime: 20.087301 ms

Unloading 519 unused Assets to reduce memory usage. Loaded Objects now: 10287.
Total: 21.190147 ms (FindLiveObjects: 1.020501 ms CreateObjectMapping: 0.475433 ms MarkObjects: 17.352268 ms  DeleteObjects: 2.341341 ms)

Shader warmup: 97 shaders 1449 combinations 0.005s
Unloading 12 Unused Serialized files (Serialized files now loaded: 0)
UnloadTime: 0.682101 ms

Unloading 25 unused Assets to reduce memory usage. Loaded Objects now: 30839.
Total: 20.691309 ms (FindLiveObjects: 1.438050 ms CreateObjectMapping: 0.484441 ms MarkObjects: 18.633511 ms  DeleteObjects: 0.134966 ms)

Shader warmup: 97 shaders 1449 combinations 0.003s
Trying to update IK solver before initiating it. If you intended to disable the IK component to manage it's updating, use ik.Disable() instead of ik.enabled = false, the latter does not guarantee solver initiation.
BoxColliders does not support negative scale or size.
The effective box size has been forced positive and is likely to give unexpected collision geometry.
If you absolutely need to use negative scaling you can use the convex MeshCollider. Scene hierarchy path "_Omni/Folders/Pickups/Throwable Tomek Womens Shoe Prefab (1)"
BoxColliders does not support negative scale or size.
The effective box size has been forced positive and is likely to give unexpected collision geometry.
If you absolutely need to use negative scaling you can use the convex MeshCollider. Scene hierarchy path "_Omni/Folders/Pickups/Throwable Tomek Womens Shoe Prefab"
Unloading 12 Unused Serialized files (Serialized files now loaded: 0)
UnloadTime: 37.019239 ms

Unloading 90 unused Assets to reduce memory usage. Loaded Objects now: 30890.
Total: 29.917593 ms (FindLiveObjects: 2.168711 ms CreateObjectMapping: 0.772265 ms MarkObjects: 26.178882 ms  DeleteObjects: 0.797202 ms)

Shader warmup: 97 shaders 1449 combinations 0.003s
BoxColliders does not support negative scale or size.
The effective box size has been forced positive and is likely to give unexpected collision geometry.
If you absolutely need to use negative scaling you can use the convex MeshCollider. Scene hierarchy path "_Omni/Folders/Pickups/Throwable Tomek Womens Shoe Prefab (1)"
BoxColliders does not support negative scale or size.
The effective box size has been forced positive and is likely to give unexpected collision geometry.
If you absolutely need to use negative scaling you can use the convex MeshCollider. Scene hierarchy path "_Omni/Folders/Pickups/Throwable Tomek Womens Shoe Prefab"
warning! object: Throwable Tomek Vhs Prefab is not recorded, but should be!
warning! object: Throwable Tomek Vhs Prefab is not recorded, but should be!
warning! object: Throwable Tomek Vhs Prefab is not recorded, but should be!
warning! object: Throwable Tomek Vhs Prefab is not recorded, but should be!
warning! object: Throwable Tomek Vhs Prefab is not recorded, but should be!
warning! object: Throwable Tomek Vhs Prefab is not recorded, but should be!
warning! object: Throwable Tomek Vhs Prefab is not recorded, but should be!
warning! object: Throwable Tomek Vhs Prefab is not recorded, but should be!
warning! object: Throwable Tomek Vhs Prefab is not recorded, but should be!
warning! object: Throwable Tomek Vhs Prefab is not recorded, but should be!
warning! object: Throwable Tomek Vhs Prefab is not recorded, but should be!
warning! object: Throwable Tomek Vhs Prefab is not recorded, but should be!
warning! object: Throwable Tomek Vhs Prefab is not recorded, but should be!
warning! object: Throwable Tomek Vhs Prefab is not recorded, but should be!
warning! object: Throwable Tomek Vhs Prefab is not recorded, but should be!
warning! object: Throwable Tomek Vhs Prefab is not recorded, but should be!
warning! object: Throwable Tomek Vhs Prefab is not recorded, but should be!
warning! object: Throwable Tomek Vhs Prefab is not recorded, but should be!
warning! object: Throwable Tomek Vhs Prefab is not recorded, but should be!
warning! object: Throwable Tomek Vhs Prefab is not recorded, but should be!
warning! object: Throwable Tomek Vhs Prefab is not recorded, but should be!
warning! object: Throwable Tomek Vhs Prefab is not recorded, but should be!
warning! object: Throwable Tomek Vhs Prefab is not recorded, but should be!
warning! object: Throwable Tomek Vhs Prefab is not recorded, but should be!
warning! object: Throwable Tomek Vhs Prefab is not recorded, but should be!
warning! object: Throwable Tomek Vhs Prefab is not recorded, but should be!
warning! object: Throwable Tomek Vhs Prefab is not recorded, but should be!
warning! object: Throwable Tomek Vhs Prefab is not recorded, but should be!
The referenced script (SHRLDebugWindow) on this Behaviour is missing!
The referenced script (DebugWindowDisplay) on this Behaviour is missing!
The referenced script on this Behaviour (Game Object 'BaseSystems(Clone)') is missing!
The referenced script on this Behaviour (Game Object 'BaseSystems(Clone)') is missing!
The referenced script on this Behaviour (Game Object 'prober') is missing!
The referenced script on this Behaviour (Game Object 'AchivManager') is missing!
The referenced script on this Behaviour (Game Object 'AchivManager') is missing!
Unloading 5 Unused Serialized files (Serialized files now loaded: 0)
UnloadTime: 29.256239 ms

Unloading 1872 unused Assets to reduce memory usage. Loaded Objects now: 9177.
Total: 26.913677 ms (FindLiveObjects: 0.864997 ms CreateObjectMapping: 0.448762 ms MarkObjects: 16.892541 ms  DeleteObjects: 8.706777 ms)

Shader warmup: 97 shaders 1449 combinations 0.004s
The referenced script on this Behaviour (Game Object 'Script') is missing!
The referenced script on this Behaviour (Game Object 'Script') is missing!
The referenced script on this Behaviour (Game Object 'Script') is missing!
The referenced script on this Behaviour (Game Object 'LevelFlowControlNormal') is missing!
The referenced script on this Behaviour (Game Object 'LevelFlowControlNormal') is missing!
The referenced script on this Behaviour (Game Object 'LevelFlowControlNormal') is missing!
Unloading 11 Unused Serialized files (Serialized files now loaded: 0)
UnloadTime: 1.012139 ms

Unloading 23 unused Assets to reduce memory usage. Loaded Objects now: 24609.
Total: 28.560267 ms (FindLiveObjects: 1.895385 ms CreateObjectMapping: 0.606527 ms MarkObjects: 25.933856 ms  DeleteObjects: 0.124006 ms)

Shader warmup: 98 shaders 1528 combinations 1.329s
Kinematic body only supports Speculative Continuous collision detection
Kinematic body only supports Speculative Continuous collision detection
The referenced script on this Behaviour (Game Object 'Script') is missing!
The referenced script on this Behaviour (Game Object 'Script') is missing!
The referenced script on this Behaviour (Game Object 'Script') is missing!
The referenced script on this Behaviour (Game Object 'LevelFlowControlNormal') is missing!
The referenced script on this Behaviour (Game Object 'LevelFlowControlNormal') is missing!
The referenced script on this Behaviour (Game Object 'LevelFlowControlNormal') is missing!
Unloading 11 Unused Serialized files (Serialized files now loaded: 0)
UnloadTime: 27.761676 ms

Unloading 172 unused Assets to reduce memory usage. Loaded Objects now: 24660.
Total: 33.538521 ms (FindLiveObjects: 2.319938 ms CreateObjectMapping: 0.554076 ms MarkObjects: 29.054556 ms  DeleteObjects: 1.609472 ms)

Shader warmup: 98 shaders 1528 combinations 0.004s
The referenced script on this Behaviour (Game Object 'Script') is missing!
The referenced script on this Behaviour (Game Object 'Script') is missing!
The referenced script on this Behaviour (Game Object 'Script') is missing!
The referenced script on this Behaviour (Game Object 'LevelFlowControlNormal') is missing!
The referenced script on this Behaviour (Game Object 'LevelFlowControlNormal') is missing!
The referenced script on this Behaviour (Game Object 'LevelFlowControlNormal') is missing!
Unloading 11 Unused Serialized files (Serialized files now loaded: 0)
UnloadTime: 27.633820 ms

Unloading 118 unused Assets to reduce memory usage. Loaded Objects now: 24700.
Total: 28.367023 ms (FindLiveObjects: 1.670096 ms CreateObjectMapping: 0.555636 ms MarkObjects: 24.900258 ms  DeleteObjects: 1.240507 ms)

Shader warmup: 98 shaders 1528 combinations 0.004s
The referenced script on this Behaviour (Game Object 'Script') is missing!
The referenced script on this Behaviour (Game Object 'Script') is missing!
The referenced script on this Behaviour (Game Object 'Script') is missing!
The referenced script on this Behaviour (Game Object 'LevelFlowControlNormal') is missing!
The referenced script on this Behaviour (Game Object 'LevelFlowControlNormal') is missing!
The referenced script on this Behaviour (Game Object 'LevelFlowControlNormal') is missing!
Unloading 11 Unused Serialized files (Serialized files now loaded: 0)
UnloadTime: 27.597226 ms

Unloading 117 unused Assets to reduce memory usage. Loaded Objects now: 24741.
Total: 30.130525 ms (FindLiveObjects: 2.004970 ms CreateObjectMapping: 0.684688 ms MarkObjects: 26.224106 ms  DeleteObjects: 1.216197 ms)

Shader warmup: 98 shaders 1528 combinations 0.004s
The referenced script on this Behaviour (Game Object 'Script') is missing!
The referenced script on this Behaviour (Game Object 'Script') is missing!
The referenced script on this Behaviour (Game Object 'Script') is missing!
The referenced script on this Behaviour (Game Object 'LevelFlowControlNormal') is missing!
The referenced script on this Behaviour (Game Object 'LevelFlowControlNormal') is missing!
The referenced script on this Behaviour (Game Object 'LevelFlowControlNormal') is missing!
Unloading 11 Unused Serialized files (Serialized files now loaded: 0)
UnloadTime: 26.505173 ms

Unloading 117 unused Assets to reduce memory usage. Loaded Objects now: 24783.
Total: 32.315808 ms (FindLiveObjects: 2.165060 ms CreateObjectMapping: 0.672621 ms MarkObjects: 28.220834 ms  DeleteObjects: 1.256721 ms)

Shader warmup: 98 shaders 1528 combinations 0.006s
The referenced script on this Behaviour (Game Object 'Script') is missing!
The referenced script on this Behaviour (Game Object 'Script') is missing!
The referenced script on this Behaviour (Game Object 'Script') is missing!
The referenced script on this Behaviour (Game Object 'LevelFlowControlNormal') is missing!
The referenced script on this Behaviour (Game Object 'LevelFlowControlNormal') is missing!
The referenced script on this Behaviour (Game Object 'LevelFlowControlNormal') is missing!
Unloading 11 Unused Serialized files (Serialized files now loaded: 0)
UnloadTime: 24.722319 ms

Unloading 119 unused Assets to reduce memory usage. Loaded Objects now: 24841.
Total: 39.984100 ms (FindLiveObjects: 1.927043 ms CreateObjectMapping: 0.639726 ms MarkObjects: 36.325047 ms  DeleteObjects: 1.091752 ms)

Shader warmup: 98 shaders 1528 combinations 0.003s
The referenced script on this Behaviour (Game Object 'Script') is missing!
The referenced script on this Behaviour (Game Object 'Script') is missing!
The referenced script on this Behaviour (Game Object 'Script') is missing!
The referenced script on this Behaviour (Game Object 'LevelFlowControlNormal') is missing!
The referenced script on this Behaviour (Game Object 'LevelFlowControlNormal') is missing!
The referenced script on this Behaviour (Game Object 'LevelFlowControlNormal') is missing!
Unloading 11 Unused Serialized files (Serialized files now loaded: 0)
UnloadTime: 26.585986 ms

Unloading 117 unused Assets to reduce memory usage. Loaded Objects now: 24881.
Total: 25.765081 ms (FindLiveObjects: 2.028092 ms CreateObjectMapping: 0.648010 ms MarkObjects: 22.053481 ms  DeleteObjects: 1.034913 ms)

Shader warmup: 98 shaders 1528 combinations 0.003s
The referenced script on this Behaviour (Game Object 'Script') is missing!
The referenced script on this Behaviour (Game Object 'Script') is missing!
The referenced script on this Behaviour (Game Object 'Script') is missing!
The referenced script on this Behaviour (Game Object 'LevelFlowControlNormal') is missing!
The referenced script on this Behaviour (Game Object 'LevelFlowControlNormal') is missing!
The referenced script on this Behaviour (Game Object 'LevelFlowControlNormal') is missing!
Unloading 11 Unused Serialized files (Serialized files now loaded: 0)
UnloadTime: 26.293607 ms

Unloading 117 unused Assets to reduce memory usage. Loaded Objects now: 24921.
Total: 31.389795 ms (FindLiveObjects: 2.104959 ms CreateObjectMapping: 0.674720 ms MarkObjects: 27.378374 ms  DeleteObjects: 1.231134 ms)

Shader warmup: 98 shaders 1528 combinations 0.004s
The referenced script on this Behaviour (Game Object 'Script') is missing!
The referenced script on this Behaviour (Game Object 'Script') is missing!
The referenced script on this Behaviour (Game Object 'Script') is missing!
The referenced script on this Behaviour (Game Object 'LevelFlowControlNormal') is missing!
The referenced script on this Behaviour (Game Object 'LevelFlowControlNormal') is missing!
The referenced script on this Behaviour (Game Object 'LevelFlowControlNormal') is missing!
Unloading 11 Unused Serialized files (Serialized files now loaded: 0)
UnloadTime: 29.762139 ms

Unloading 117 unused Assets to reduce memory usage. Loaded Objects now: 24960.
Total: 31.509540 ms (FindLiveObjects: 2.176979 ms CreateObjectMapping: 0.738407 ms MarkObjects: 27.455483 ms  DeleteObjects: 1.138050 ms)

Shader warmup: 98 shaders 1528 combinations 0.004s
The referenced script on this Behaviour (Game Object 'Script') is missing!
The referenced script on this Behaviour (Game Object 'Script') is missing!
The referenced script on this Behaviour (Game Object 'Script') is missing!
The referenced script on this Behaviour (Game Object 'LevelFlowControlNormal') is missing!
The referenced script on this Behaviour (Game Object 'LevelFlowControlNormal') is missing!
The referenced script on this Behaviour (Game Object 'LevelFlowControlNormal') is missing!
Unloading 11 Unused Serialized files (Serialized files now loaded: 0)
UnloadTime: 26.930098 ms

Unloading 117 unused Assets to reduce memory usage. Loaded Objects now: 24999.
Total: 28.695532 ms (FindLiveObjects: 2.081108 ms CreateObjectMapping: 0.695244 ms MarkObjects: 24.787798 ms  DeleteObjects: 1.130758 ms)

Shader warmup: 98 shaders 1528 combinations 0.004s
The referenced script on this Behaviour (Game Object 'Script') is missing!
The referenced script on this Behaviour (Game Object 'Script') is missing!
The referenced script on this Behaviour (Game Object 'Script') is missing!
The referenced script on this Behaviour (Game Object 'LevelFlowControlNormal') is missing!
The referenced script on this Behaviour (Game Object 'LevelFlowControlNormal') is missing!
The referenced script on this Behaviour (Game Object 'LevelFlowControlNormal') is missing!
Unloading 11 Unused Serialized files (Serialized files now loaded: 0)
UnloadTime: 26.513665 ms

Unloading 117 unused Assets to reduce memory usage. Loaded Objects now: 25037.
Total: 29.725507 ms (FindLiveObjects: 2.017502 ms CreateObjectMapping: 0.673657 ms MarkObjects: 25.897205 ms  DeleteObjects: 1.136608 ms)

Shader warmup: 98 shaders 1528 combinations 0.004s
The referenced script on this Behaviour (Game Object 'Script') is missing!
The referenced script on this Behaviour (Game Object 'Script') is missing!
The referenced script on this Behaviour (Game Object 'Script') is missing!
The referenced script on this Behaviour (Game Object 'LevelFlowControlNormal') is missing!
The referenced script on this Behaviour (Game Object 'LevelFlowControlNormal') is missing!
The referenced script on this Behaviour (Game Object 'LevelFlowControlNormal') is missing!
Unloading 11 Unused Serialized files (Serialized files now loaded: 0)
UnloadTime: 27.646627 ms

Unloading 117 unused Assets to reduce memory usage. Loaded Objects now: 25076.
Total: 30.012227 ms (FindLiveObjects: 2.204916 ms CreateObjectMapping: 0.738881 ms MarkObjects: 25.970041 ms  DeleteObjects: 1.097790 ms)

Shader warmup: 98 shaders 1528 combinations 0.004s
The referenced script on this Behaviour (Game Object 'Script') is missing!
The referenced script on this Behaviour (Game Object 'Script') is missing!
The referenced script on this Behaviour (Game Object 'Script') is missing!
The referenced script on this Behaviour (Game Object 'LevelFlowControlNormal') is missing!
The referenced script on this Behaviour (Game Object 'LevelFlowControlNormal') is missing!
The referenced script on this Behaviour (Game Object 'LevelFlowControlNormal') is missing!
Unloading 11 Unused Serialized files (Serialized files now loaded: 0)
UnloadTime: 18.725304 ms

Unloading 117 unused Assets to reduce memory usage. Loaded Objects now: 25116.
Total: 23.791401 ms (FindLiveObjects: 1.472203 ms CreateObjectMapping: 0.464323 ms MarkObjects: 20.921772 ms  DeleteObjects: 0.932685 ms)

Shader warmup: 98 shaders 1528 combinations 0.003s
The referenced script on this Behaviour (Game Object 'Script') is missing!
The referenced script on this Behaviour (Game Object 'Script') is missing!
The referenced script on this Behaviour (Game Object 'Script') is missing!
The referenced script on this Behaviour (Game Object 'LevelFlowControlNormal') is missing!
The referenced script on this Behaviour (Game Object 'LevelFlowControlNormal') is missing!
The referenced script on this Behaviour (Game Object 'LevelFlowControlNormal') is missing!
Unloading 11 Unused Serialized files (Serialized files now loaded: 0)
UnloadTime: 28.049992 ms

Unloading 117 unused Assets to reduce memory usage. Loaded Objects now: 25156.
Total: 24.587582 ms (FindLiveObjects: 1.773455 ms CreateObjectMapping: 0.604519 ms MarkObjects: 21.262765 ms  DeleteObjects: 0.946347 ms)

Shader warmup: 98 shaders 1528 combinations 0.003s
The referenced script (SHRLDebugWindow) on this Behaviour is missing!
The referenced script (DebugWindowDisplay) on this Behaviour is missing!
The referenced script on this Behaviour (Game Object 'BaseSystems(Clone)') is missing!
The referenced script on this Behaviour (Game Object 'BaseSystems(Clone)') is missing!
The referenced script on this Behaviour (Game Object 'prober') is missing!
The referenced script on this Behaviour (Game Object 'AchivManager') is missing!
The referenced script on this Behaviour (Game Object 'AchivManager') is missing!
Unloading 5 Unused Serialized files (Serialized files now loaded: 0)
UnloadTime: 24.670850 ms

Unloading 1857 unused Assets to reduce memory usage. Loaded Objects now: 9802.
Total: 29.066970 ms (FindLiveObjects: 1.241386 ms CreateObjectMapping: 0.613065 ms MarkObjects: 17.293072 ms  DeleteObjects: 9.918728 ms)

Shader warmup: 98 shaders 1528 combinations 0.004s
The referenced script on this Behaviour (Game Object 'LevelFlowControl') is missing!
Unloading 9 Unused Serialized files (Serialized files now loaded: 0)
UnloadTime: 1.124101 ms

Unloading 19 unused Assets to reduce memory usage. Loaded Objects now: 16905.
Total: 27.285303 ms (FindLiveObjects: 1.502272 ms CreateObjectMapping: 0.671688 ms MarkObjects: 24.994686 ms  DeleteObjects: 0.115933 ms)

Shader warmup: 98 shaders 1528 combinations 0.004s
car started
car stopped
The referenced script on this Behaviour (Game Object 'LevelFlowControl') is missing!
Unloading 9 Unused Serialized files (Serialized files now loaded: 0)
UnloadTime: 16.115643 ms

Unloading 87 unused Assets to reduce memory usage. Loaded Objects now: 16953.
Total: 28.023130 ms (FindLiveObjects: 1.699183 ms CreateObjectMapping: 0.669561 ms MarkObjects: 24.535143 ms  DeleteObjects: 1.118521 ms)

Shader warmup: 98 shaders 1528 combinations 0.004s
car started
The referenced script on this Behaviour (Game Object 'LevelFlowControl') is missing!
Unloading 9 Unused Serialized files (Serialized files now loaded: 0)
UnloadTime: 13.138193 ms

Unloading 83 unused Assets to reduce memory usage. Loaded Objects now: 16976.
Total: 26.416809 ms (FindLiveObjects: 1.671743 ms CreateObjectMapping: 0.669156 ms MarkObjects: 23.104595 ms  DeleteObjects: 0.970543 ms)

Shader warmup: 98 shaders 1528 combinations 0.004s
car started
car stopped
The referenced script on this Behaviour (Game Object 'LevelFlowControl') is missing!
Unloading 9 Unused Serialized files (Serialized files now loaded: 0)
UnloadTime: 9.355133 ms

Unloading 74 unused Assets to reduce memory usage. Loaded Objects now: 17039.
Total: 26.351697 ms (FindLiveObjects: 1.412160 ms CreateObjectMapping: 0.536379 ms MarkObjects: 23.595332 ms  DeleteObjects: 0.807302 ms)

Shader warmup: 98 shaders 1528 combinations 0.003s
car started
car stopped
The referenced script (SHRLDebugWindow) on this Behaviour is missing!
The referenced script (DebugWindowDisplay) on this Behaviour is missing!
The referenced script on this Behaviour (Game Object 'BaseSystems(Clone)') is missing!
The referenced script on this Behaviour (Game Object 'BaseSystems(Clone)') is missing!
The referenced script on this Behaviour (Game Object 'prober') is missing!
The referenced script on this Behaviour (Game Object 'AchivManager') is missing!
The referenced script on this Behaviour (Game Object 'AchivManager') is missing!
Unloading 5 Unused Serialized files (Serialized files now loaded: 0)
UnloadTime: 10.849767 ms

Unloading 1458 unused Assets to reduce memory usage. Loaded Objects now: 9989.
Total: 26.384933 ms (FindLiveObjects: 1.383055 ms CreateObjectMapping: 0.587244 ms MarkObjects: 17.798221 ms  DeleteObjects: 6.615734 ms)

Shader warmup: 98 shaders 1528 combinations 0.005s
The referenced script on this Behaviour (Game Object 'Script') is missing!
The referenced script on this Behaviour (Game Object 'Script') is missing!
The referenced script on this Behaviour (Game Object 'Script') is missing!
The referenced script on this Behaviour (Game Object 'LevelFlowControl') is missing!
Unloading 8 Unused Serialized files (Serialized files now loaded: 0)
UnloadTime: 1.001598 ms

Unloading 19 unused Assets to reduce memory usage. Loaded Objects now: 27196.
Total: 28.878800 ms (FindLiveObjects: 2.159238 ms CreateObjectMapping: 0.656677 ms MarkObjects: 25.945729 ms  DeleteObjects: 0.116602 ms)

Shader warmup: 98 shaders 1528 combinations 0.004s
The referenced script on this Behaviour (Game Object 'Script') is missing!
The referenced script on this Behaviour (Game Object 'Script') is missing!
The referenced script on this Behaviour (Game Object 'Script') is missing!
The referenced script on this Behaviour (Game Object 'LevelFlowControl') is missing!
Unloading 8 Unused Serialized files (Serialized files now loaded: 0)
UnloadTime: 22.040041 ms

Unloading 150 unused Assets to reduce memory usage. Loaded Objects now: 27279.
Total: 25.067562 ms (FindLiveObjects: 1.444012 ms CreateObjectMapping: 0.399588 ms MarkObjects: 22.049050 ms  DeleteObjects: 1.174525 ms)

Shader warmup: 98 shaders 1528 combinations 0.003s
The referenced script on this Behaviour (Game Object 'Script') is missing!
The referenced script on this Behaviour (Game Object 'Script') is missing!
The referenced script on this Behaviour (Game Object 'Script') is missing!
The referenced script on this Behaviour (Game Object 'LevelFlowControl') is missing!
Unloading 8 Unused Serialized files (Serialized files now loaded: 0)
UnloadTime: 36.992443 ms

Unloading 114 unused Assets to reduce memory usage. Loaded Objects now: 27319.
Total: 25.825544 ms (FindLiveObjects: 1.814181 ms CreateObjectMapping: 0.533962 ms MarkObjects: 22.478874 ms  DeleteObjects: 0.997966 ms)

Shader warmup: 98 shaders 1528 combinations 0.003s
The referenced script on this Behaviour (Game Object 'Script') is missing!
The referenced script on this Behaviour (Game Object 'Script') is missing!
The referenced script on this Behaviour (Game Object 'Script') is missing!
The referenced script on this Behaviour (Game Object 'LevelFlowControl') is missing!
Unloading 8 Unused Serialized files (Serialized files now loaded: 0)
UnloadTime: 29.342987 ms

Unloading 162 unused Assets to reduce memory usage. Loaded Objects now: 27383.
Total: 35.080585 ms (FindLiveObjects: 1.937844 ms CreateObjectMapping: 0.511489 ms MarkObjects: 30.992072 ms  DeleteObjects: 1.638692 ms)

Shader warmup: 98 shaders 1528 combinations 0.004s
The referenced script on this Behaviour (Game Object 'Script') is missing!
The referenced script on this Behaviour (Game Object 'Script') is missing!
The referenced script on this Behaviour (Game Object 'Script') is missing!
The referenced script on this Behaviour (Game Object 'LevelFlowControl') is missing!
Unloading 8 Unused Serialized files (Serialized files now loaded: 0)
UnloadTime: 18.623168 ms

Unloading 138 unused Assets to reduce memory usage. Loaded Objects now: 27419.
Total: 22.313110 ms (FindLiveObjects: 1.413534 ms CreateObjectMapping: 0.402221 ms MarkObjects: 19.259739 ms  DeleteObjects: 1.237226 ms)

Shader warmup: 98 shaders 1528 combinations 0.003s
The referenced script on this Behaviour (Game Object 'Script') is missing!
The referenced script on this Behaviour (Game Object 'Script') is missing!
The referenced script on this Behaviour (Game Object 'Script') is missing!
The referenced script on this Behaviour (Game Object 'LevelFlowControl') is missing!
Unloading 8 Unused Serialized files (Serialized files now loaded: 0)
UnloadTime: 28.739328 ms

Unloading 138 unused Assets to reduce memory usage. Loaded Objects now: 27458.
Total: 26.432517 ms (FindLiveObjects: 1.609146 ms CreateObjectMapping: 0.468487 ms MarkObjects: 23.073534 ms  DeleteObjects: 1.280925 ms)

Shader warmup: 98 shaders 1528 combinations 0.003s
The referenced script (SHRLDebugWindow) on this Behaviour is missing!
The referenced script (DebugWindowDisplay) on this Behaviour is missing!
The referenced script on this Behaviour (Game Object 'BaseSystems(Clone)') is missing!
The referenced script on this Behaviour (Game Object 'BaseSystems(Clone)') is missing!
The referenced script on this Behaviour (Game Object 'prober') is missing!
The referenced script on this Behaviour (Game Object 'AchivManager') is missing!
The referenced script on this Behaviour (Game Object 'AchivManager') is missing!
Unloading 5 Unused Serialized files (Serialized files now loaded: 0)
UnloadTime: 24.038476 ms

Unloading 338 unused Assets to reduce memory usage. Loaded Objects now: 11538.
Total: 24.602777 ms (FindLiveObjects: 1.146025 ms CreateObjectMapping: 0.580837 ms MarkObjects: 18.269764 ms  DeleteObjects: 4.605581 ms)

Shader warmup: 98 shaders 1528 combinations 0.004s
Unloading 12 Unused Serialized files (Serialized files now loaded: 0)
UnloadTime: 2.006516 ms

Unloading 20 unused Assets to reduce memory usage. Loaded Objects now: 21682.
Total: 27.918020 ms (FindLiveObjects: 2.097758 ms CreateObjectMapping: 0.711454 ms MarkObjects: 25.000318 ms  DeleteObjects: 0.107854 ms)

Shader warmup: 98 shaders 1528 combinations 0.004s
The referenced script (SHRLDebugWindow) on this Behaviour is missing!
The referenced script (DebugWindowDisplay) on this Behaviour is missing!
The referenced script on this Behaviour (Game Object 'BaseSystems(Clone)') is missing!
The referenced script on this Behaviour (Game Object 'BaseSystems(Clone)') is missing!
The referenced script on this Behaviour (Game Object 'prober') is missing!
The referenced script on this Behaviour (Game Object 'AchivManager') is missing!
The referenced script on this Behaviour (Game Object 'AchivManager') is missing!
Unloading 5 Unused Serialized files (Serialized files now loaded: 0)
UnloadTime: 17.571502 ms

Unloading 2134 unused Assets to reduce memory usage. Loaded Objects now: 10378.
Total: 27.500424 ms (FindLiveObjects: 1.101764 ms CreateObjectMapping: 0.565735 ms MarkObjects: 18.406824 ms  DeleteObjects: 7.425624 ms)

Shader warmup: 98 shaders 1528 combinations 0.003s
Unloading 11 Unused Serialized files (Serialized files now loaded: 0)
UnloadTime: 1.444262 ms

Unloading 22 unused Assets to reduce memory usage. Loaded Objects now: 25427.
Total: 18.502964 ms (FindLiveObjects: 1.518114 ms CreateObjectMapping: 0.494116 ms MarkObjects: 16.392026 ms  DeleteObjects: 0.098265 ms)

Shader warmup: 98 shaders 1528 combinations 0.003s
Unloading 11 Unused Serialized files (Serialized files now loaded: 0)
UnloadTime: 27.023941 ms

Unloading 86 unused Assets to reduce memory usage. Loaded Objects now: 25475.
Total: 28.626740 ms (FindLiveObjects: 1.941602 ms CreateObjectMapping: 0.604991 ms MarkObjects: 25.350056 ms  DeleteObjects: 0.729576 ms)

Shader warmup: 98 shaders 1528 combinations 0.003s
Unloading 11 Unused Serialized files (Serialized files now loaded: 0)
UnloadTime: 30.869718 ms

Unloading 85 unused Assets to reduce memory usage. Loaded Objects now: 25518.
Total: 28.093671 ms (FindLiveObjects: 1.966863 ms CreateObjectMapping: 0.638699 ms MarkObjects: 24.724958 ms  DeleteObjects: 0.762545 ms)

Shader warmup: 98 shaders 1528 combinations 0.004s
NullReferenceException
  at (wrapper managed-to-native) UnityEngine.Component.get_gameObject(UnityEngine.Component)
  at BodyPartMeshCutter.RemoveBodyPart (BodyPartMeshCutter+CutMode cutMode, System.Boolean deadPhase, System.Boolean spawnParticles, System.Single timeOffset, System.Boolean playsound) [0x002d3] in <7ad15c9073534f11b852f4d0f6924fcf>:0 
  at PejAiBodyPart.OnCollisionEnter (UnityEngine.Collision col) [0x000bd] in <7ad15c9073534f11b852f4d0f6924fcf>:0 

NullReferenceException
  at (wrapper managed-to-native) UnityEngine.Component.get_gameObject(UnityEngine.Component)
  at BodyPartMeshCutter.RemoveBodyPart (BodyPartMeshCutter+CutMode cutMode, System.Boolean deadPhase, System.Boolean spawnParticles, System.Single timeOffset, System.Boolean playsound) [0x002d3] in <7ad15c9073534f11b852f4d0f6924fcf>:0 
  at PejAiBodyPart.OnCollisionEnter (UnityEngine.Collision col) [0x000bd] in <7ad15c9073534f11b852f4d0f6924fcf>:0 

Unloading 11 Unused Serialized files (Serialized files now loaded: 0)
UnloadTime: 30.428983 ms

Unloading 85 unused Assets to reduce memory usage. Loaded Objects now: 25557.
Total: 30.618324 ms (FindLiveObjects: 2.203788 ms CreateObjectMapping: 0.626673 ms MarkObjects: 26.979676 ms  DeleteObjects: 0.807651 ms)

Shader warmup: 98 shaders 1528 combinations 0.003s
The referenced script (SHRLDebugWindow) on this Behaviour is missing!
The referenced script (DebugWindowDisplay) on this Behaviour is missing!
The referenced script on this Behaviour (Game Object 'BaseSystems(Clone)') is missing!
The referenced script on this Behaviour (Game Object 'BaseSystems(Clone)') is missing!
The referenced script on this Behaviour (Game Object 'prober') is missing!
The referenced script on this Behaviour (Game Object 'AchivManager') is missing!
The referenced script on this Behaviour (Game Object 'AchivManager') is missing!
Unloading 5 Unused Serialized files (Serialized files now loaded: 0)
UnloadTime: 25.666371 ms

Unloading 2024 unused Assets to reduce memory usage. Loaded Objects now: 10568.
Total: 29.626983 ms (FindLiveObjects: 1.266904 ms CreateObjectMapping: 0.609099 ms MarkObjects: 18.328792 ms  DeleteObjects: 9.421462 ms)

Shader warmup: 98 shaders 1528 combinations 0.006s
The referenced script on this Behaviour (Game Object 'LevelFlowControl') is missing!
Unloading 10 Unused Serialized files (Serialized files now loaded: 0)
UnloadTime: 1.005277 ms

Unloading 20 unused Assets to reduce memory usage. Loaded Objects now: 19667.
Total: 27.951024 ms (FindLiveObjects: 1.579694 ms CreateObjectMapping: 0.634319 ms MarkObjects: 25.578905 ms  DeleteObjects: 0.157511 ms)

Shader warmup: 98 shaders 1528 combinations 0.004s
The referenced script (SHRLDebugWindow) on this Behaviour is missing!
The referenced script (DebugWindowDisplay) on this Behaviour is missing!
The referenced script on this Behaviour (Game Object 'BaseSystems(Clone)') is missing!
The referenced script on this Behaviour (Game Object 'BaseSystems(Clone)') is missing!
The referenced script on this Behaviour (Game Object 'prober') is missing!
The referenced script on this Behaviour (Game Object 'AchivManager') is missing!
The referenced script on this Behaviour (Game Object 'AchivManager') is missing!
Unloading 5 Unused Serialized files (Serialized files now loaded: 0)
UnloadTime: 23.291814 ms

Unloading 1751 unused Assets to reduce memory usage. Loaded Objects now: 10636.
Total: 31.785413 ms (FindLiveObjects: 1.334722 ms CreateObjectMapping: 0.631126 ms MarkObjects: 18.751937 ms  DeleteObjects: 11.066991 ms)

Shader warmup: 98 shaders 1528 combinations 0.005s
Couldn't create a Convex Mesh from source mesh "Cylinder" within the maximum polygons limit (256). The partial hull will be used. Consider simplifying your mesh.
The referenced script on this Behaviour (Game Object 'LevelFlowControl') is missing!
Unloading 9 Unused Serialized files (Serialized files now loaded: 0)
UnloadTime: 2.128386 ms

Unloading 61 unused Assets to reduce memory usage. Loaded Objects now: 20720.
Total: 18.182422 ms (FindLiveObjects: 1.402622 ms CreateObjectMapping: 0.545238 ms MarkObjects: 16.105477 ms  DeleteObjects: 0.128614 ms)

Shader warmup: 98 shaders 1528 combinations 0.004s
The referenced script (SHRLDebugWindow) on this Behaviour is missing!
The referenced script (DebugWindowDisplay) on this Behaviour is missing!
The referenced script on this Behaviour (Game Object 'BaseSystems(Clone)') is missing!
The referenced script on this Behaviour (Game Object 'BaseSystems(Clone)') is missing!
The referenced script on this Behaviour (Game Object 'prober') is missing!
The referenced script on this Behaviour (Game Object 'AchivManager') is missing!
The referenced script on this Behaviour (Game Object 'AchivManager') is missing!
Unloading 5 Unused Serialized files (Serialized files now loaded: 0)
UnloadTime: 19.027893 ms

Unloading 1968 unused Assets to reduce memory usage. Loaded Objects now: 10702.
Total: 29.610547 ms (FindLiveObjects: 1.388087 ms CreateObjectMapping: 0.623386 ms MarkObjects: 20.223866 ms  DeleteObjects: 7.374588 ms)

Shader warmup: 98 shaders 1528 combinations 0.004s
The referenced script on this Behaviour (Game Object 'LevelFlowControl') is missing!
Unloading 7 Unused Serialized files (Serialized files now loaded: 0)
UnloadTime: 0.984816 ms

Unloading 19 unused Assets to reduce memory usage. Loaded Objects now: 20336.
Total: 27.111755 ms (FindLiveObjects: 1.605039 ms CreateObjectMapping: 0.606001 ms MarkObjects: 24.797536 ms  DeleteObjects: 0.102638 ms)

Shader warmup: 98 shaders 1528 combinations 0.004s
The referenced script on this Behaviour (Game Object 'LevelFlowControl') is missing!
Unloading 7 Unused Serialized files (Serialized files now loaded: 0)
UnloadTime: 19.746645 ms

Unloading 82 unused Assets to reduce memory usage. Loaded Objects now: 20384.
Total: 27.361528 ms (FindLiveObjects: 1.981205 ms CreateObjectMapping: 0.676854 ms MarkObjects: 23.669089 ms  DeleteObjects: 1.033675 ms)

Shader warmup: 98 shaders 1528 combinations 0.004s
The referenced script on this Behaviour (Game Object 'LevelFlowControl') is missing!
Unloading 7 Unused Serialized files (Serialized files now loaded: 0)
UnloadTime: 25.203167 ms

Unloading 83 unused Assets to reduce memory usage. Loaded Objects now: 20424.
Total: 31.805162 ms (FindLiveObjects: 1.821733 ms CreateObjectMapping: 0.624887 ms MarkObjects: 28.189913 ms  DeleteObjects: 1.168015 ms)

Shader warmup: 98 shaders 1528 combinations 0.004s
The referenced script on this Behaviour (Game Object 'LevelFlowControl') is missing!
Unloading 7 Unused Serialized files (Serialized files now loaded: 0)
UnloadTime: 13.364924 ms

Unloading 100 unused Assets to reduce memory usage. Loaded Objects now: 20475.
Total: 24.858416 ms (FindLiveObjects: 1.230061 ms CreateObjectMapping: 0.405175 ms MarkObjects: 22.226216 ms  DeleteObjects: 0.996593 ms)

Shader warmup: 98 shaders 1528 combinations 0.003s
The referenced script on this Behaviour (Game Object 'LevelFlowControl') is missing!
Unloading 7 Unused Serialized files (Serialized files now loaded: 0)
UnloadTime: 26.244561 ms

Unloading 83 unused Assets to reduce memory usage. Loaded Objects now: 20515.
Total: 27.018623 ms (FindLiveObjects: 1.741983 ms CreateObjectMapping: 0.577031 ms MarkObjects: 23.698282 ms  DeleteObjects: 1.000797 ms)

Shader warmup: 98 shaders 1528 combinations 0.004s
The referenced script on this Behaviour (Game Object 'LevelFlowControl') is missing!
Unloading 7 Unused Serialized files (Serialized files now loaded: 0)
UnloadTime: 18.640034 ms

Unloading 83 unused Assets to reduce memory usage. Loaded Objects now: 20552.
Total: 28.092478 ms (FindLiveObjects: 2.002176 ms CreateObjectMapping: 0.657897 ms MarkObjects: 24.322331 ms  DeleteObjects: 1.109412 ms)

Shader warmup: 98 shaders 1528 combinations 0.004s
The referenced script on this Behaviour (Game Object 'LevelFlowControl') is missing!
Unloading 7 Unused Serialized files (Serialized files now loaded: 0)
UnloadTime: 16.340523 ms

Unloading 85 unused Assets to reduce memory usage. Loaded Objects now: 20597.
Total: 23.753318 ms (FindLiveObjects: 1.200085 ms CreateObjectMapping: 0.409461 ms MarkObjects: 21.282629 ms  DeleteObjects: 0.860737 ms)

Shader warmup: 98 shaders 1528 combinations 0.005s
The referenced script on this Behaviour (Game Object 'LevelFlowControl') is missing!
Unloading 7 Unused Serialized files (Serialized files now loaded: 0)
UnloadTime: 20.706756 ms

Unloading 83 unused Assets to reduce memory usage. Loaded Objects now: 20632.
Total: 27.724151 ms (FindLiveObjects: 2.036870 ms CreateObjectMapping: 0.688632 ms MarkObjects: 23.930699 ms  DeleteObjects: 1.067281 ms)

Shader warmup: 98 shaders 1528 combinations 0.004s
The referenced script on this Behaviour (Game Object 'LevelFlowControl') is missing!
Unloading 7 Unused Serialized files (Serialized files now loaded: 0)
UnloadTime: 17.490555 ms

Unloading 83 unused Assets to reduce memory usage. Loaded Objects now: 20671.
Total: 22.499634 ms (FindLiveObjects: 1.190339 ms CreateObjectMapping: 0.410809 ms MarkObjects: 20.010822 ms  DeleteObjects: 0.887242 ms)

Shader warmup: 98 shaders 1528 combinations 0.003s
The referenced script on this Behaviour (Game Object 'LevelFlowControl') is missing!
Unloading 7 Unused Serialized files (Serialized files now loaded: 0)
UnloadTime: 19.636263 ms

Unloading 99 unused Assets to reduce memory usage. Loaded Objects now: 20708.
Total: 37.584033 ms (FindLiveObjects: 2.088850 ms CreateObjectMapping: 0.696740 ms MarkObjects: 33.376157 ms  DeleteObjects: 1.421595 ms)

Shader warmup: 98 shaders 1528 combinations 0.004s
The referenced script on this Behaviour (Game Object 'LevelFlowControl') is missing!
Unloading 7 Unused Serialized files (Serialized files now loaded: 0)
UnloadTime: 27.530108 ms

Unloading 82 unused Assets to reduce memory usage. Loaded Objects now: 20748.
Total: 31.809896 ms (FindLiveObjects: 1.986757 ms CreateObjectMapping: 0.668026 ms MarkObjects: 27.962244 ms  DeleteObjects: 1.192284 ms)

Shader warmup: 98 shaders 1528 combinations 0.004s
The referenced script on this Behaviour (Game Object 'LevelFlowControl') is missing!
Unloading 7 Unused Serialized files (Serialized files now loaded: 0)
UnloadTime: 20.747752 ms

Unloading 81 unused Assets to reduce memory usage. Loaded Objects now: 20785.
Total: 29.864157 ms (FindLiveObjects: 2.077811 ms CreateObjectMapping: 0.695049 ms MarkObjects: 26.114492 ms  DeleteObjects: 0.976128 ms)

Shader warmup: 98 shaders 1528 combinations 0.005s
The referenced script on this Behaviour (Game Object 'LevelFlowControl') is missing!
Unloading 7 Unused Serialized files (Serialized files now loaded: 0)
UnloadTime: 19.610407 ms

Unloading 82 unused Assets to reduce memory usage. Loaded Objects now: 20824.
Total: 29.748133 ms (FindLiveObjects: 2.836301 ms CreateObjectMapping: 1.008430 ms MarkObjects: 24.726196 ms  DeleteObjects: 1.176503 ms)

Shader warmup: 98 shaders 1528 combinations 0.005s
The referenced script on this Behaviour (Game Object 'LevelFlowControl') is missing!
Unloading 7 Unused Serialized files (Serialized files now loaded: 0)
UnloadTime: 16.780964 ms

Unloading 87 unused Assets to reduce memory usage. Loaded Objects now: 20860.
Total: 35.953041 ms (FindLiveObjects: 2.169564 ms CreateObjectMapping: 0.687743 ms MarkObjects: 31.954543 ms  DeleteObjects: 1.140584 ms)

Shader warmup: 98 shaders 1528 combinations 0.004s
The referenced script on this Behaviour (Game Object 'LevelFlowControl') is missing!
Unloading 7 Unused Serialized files (Serialized files now loaded: 0)
UnloadTime: 16.696988 ms

Unloading 90 unused Assets to reduce memory usage. Loaded Objects now: 20920.
Total: 37.640494 ms (FindLiveObjects: 2.083297 ms CreateObjectMapping: 0.655767 ms MarkObjects: 33.716176 ms  DeleteObjects: 1.184591 ms)

Shader warmup: 98 shaders 1528 combinations 0.004s
The referenced script (SHRLDebugWindow) on this Behaviour is missing!
The referenced script (DebugWindowDisplay) on this Behaviour is missing!
The referenced script on this Behaviour (Game Object 'BaseSystems(Clone)') is missing!
The referenced script on this Behaviour (Game Object 'BaseSystems(Clone)') is missing!
The referenced script on this Behaviour (Game Object 'prober') is missing!
The referenced script on this Behaviour (Game Object 'AchivManager') is missing!
The referenced script on this Behaviour (Game Object 'AchivManager') is missing!
Unloading 5 Unused Serialized files (Serialized files now loaded: 0)
UnloadTime: 14.703154 ms

Unloading 1426 unused Assets to reduce memory usage. Loaded Objects now: 11350.
Total: 23.503499 ms (FindLiveObjects: 1.172512 ms CreateObjectMapping: 0.545150 ms MarkObjects: 17.163331 ms  DeleteObjects: 4.621954 ms)

Shader warmup: 98 shaders 1528 combinations 0.003s
