Mono path[0] = '/home/swrneko/Games/SteamLibrary/steamapps/common/SUPERHOT/SUPERHOT_Data/Managed'
Mono config path = '/home/swrneko/Games/SteamLibrary/steamapps/common/SUPERHOT/SUPERHOT_Data/MonoBleedingEdge/etc'
Preloaded 'ScreenSelector.so'
Preloaded 'libCSteamworks.so'
Preloaded 'libsteam_api.so'
Display 0 'DP-1 27"': 2560x1440 (primary device).
Desktop is 2560 x 1440 @ 165 Hz
Initialize engine version: 2020.3.24f1 (79c78de19888)
[Subsystems] Discovering subsystems at path /home/swrneko/Games/SteamLibrary/steamapps/common/SUPERHOT/SUPERHOT_Data/UnitySubsystems
GfxDevice: creating device client; threaded=1
Renderer: AMD Radeon RX 580 2048SP (radeonsi, polaris10, LLVM 18.1.8, DRM 3.59, 6.11.5-arch1-1)
Vendor:   AMD
Version:  4.6 (Core Profile) Mesa 24.2.5-arch1.1
GLES:     0
 GL_AMD_conservative_depth GL_AMD_depth_clamp_separate GL_AMD_draw_buffers_blend GL_AMD_framebuffer_multisample_advanced GL_AMD_gpu_shader_int64 GL_AMD_multi_draw_indirect GL_AMD_performance_monitor GL_AMD_pinned_memory GL_AMD_query_buffer_object GL_AMD_seamless_cubemap_per_texture GL_AMD_shader_stencil_export GL_AMD_shader_trinary_minmax GL_AMD_texture_texture4 GL_AMD_vertex_shader_layer GL_AMD_vertex_shader_viewport_index GL_ANGLE_texture_compression_dxt3 GL_ANGLE_texture_compression_dxt5 GL_ARB_ES2_compatibility GL_ARB_ES3_1_compatibility GL_ARB_ES3_2_compatibility GL_ARB_ES3_compatibility GL_ARB_arrays_of_arrays GL_ARB_base_instance GL_ARB_bindless_texture GL_ARB_blend_func_extended GL_ARB_buffer_storage GL_ARB_clear_buffer_object GL_ARB_clear_texture GL_ARB_clip_control GL_ARB_color_buffer_float GL_ARB_compressed_texture_pixel_storage GL_ARB_compute_shader GL_ARB_compute_variable_group_size GL_ARB_conditional_render_inverted GL_ARB_conservative_depth GL_ARB_copy_buffer GL_ARB_copy_image GL_ARB_cull_dist
ance GL_ARB_debug_output GL_ARB_depth_buffer_float GL_ARB_depth_clamp GL_ARB_derivative_control GL_ARB_direct_state_access GL_ARB_draw_buffers GL_ARB_draw_buffers_blend GL_ARB_draw_elements_base_vertex GL_ARB_draw_indirect GL_ARB_draw_instanced GL_ARB_enhanced_layouts GL_ARB_explicit_attrib_location GL_ARB_explicit_uniform_location GL_ARB_fragment_coord_conventions GL_ARB_fragment_layer_viewport GL_ARB_fragment_shader GL_ARB_framebuffer_no_attachments GL_ARB_framebuffer_object GL_ARB_framebuffer_sRGB GL_ARB_get_program_binary GL_ARB_get_texture_sub_image GL_ARB_gl_spirv GL_ARB_gpu_shader5 GL_ARB_gpu_shader_fp64 GL_ARB_gpu_shader_int64 GL_ARB_half_float_pixel GL_ARB_half_float_vertex GL_ARB_indirect_parameters GL_ARB_instanced_arrays GL_ARB_internalformat_query GL_ARB_internalformat_query2 GL_ARB_invalidate_subdata GL_ARB_map_buffer_alignment GL_ARB_map_buffer_range GL_ARB_multi_bind GL_ARB_multi_draw_indirect GL_ARB_occlusion_query2 GL_ARB_parallel_shader_compile GL_ARB_pipeline_statistics_query GL_ARB_pixel
_buffer_object GL_ARB_point_sprite GL_ARB_polygon_offset_clamp GL_ARB_program_interface_query GL_ARB_provoking_vertex GL_ARB_query_buffer_object GL_ARB_robust_buffer_access_behavior GL_ARB_robustness GL_ARB_sample_shading GL_ARB_sampler_objects GL_ARB_seamless_cube_map GL_ARB_seamless_cubemap_per_texture GL_ARB_separate_shader_objects GL_ARB_shader_atomic_counter_ops GL_ARB_shader_atomic_counters GL_ARB_shader_ballot GL_ARB_shader_bit_encoding GL_ARB_shader_clock GL_ARB_shader_draw_parameters GL_ARB_shader_group_vote GL_ARB_shader_image_load_store GL_ARB_shader_image_size GL_ARB_shader_objects GL_ARB_shader_precision GL_ARB_shader_stencil_export GL_ARB_shader_storage_buffer_object GL_ARB_shader_subroutine GL_ARB_shader_texture_image_samples GL_ARB_shader_texture_lod GL_ARB_shader_viewport_layer_array GL_ARB_shading_language_420pack GL_ARB_shading_language_include GL_ARB_shading_language_packing GL_ARB_spirv_extensions GL_ARB_stencil_texturing GL_ARB_sync GL_ARB_tessellation_shader GL_ARB_texture_barrier GL_A
RB_texture_border_clamp GL_ARB_texture_buffer_object GL_ARB_texture_buffer_object_rgb32 GL_ARB_texture_buffer_range GL_ARB_texture_compression_bptc GL_ARB_texture_compression_rgtc GL_ARB_texture_cube_map_array GL_ARB_texture_filter_anisotropic GL_ARB_texture_filter_minmax GL_ARB_texture_float GL_ARB_texture_gather GL_ARB_texture_mirror_clamp_to_edge GL_ARB_texture_multisample GL_ARB_texture_non_power_of_two GL_ARB_texture_query_levels GL_ARB_texture_query_lod GL_ARB_texture_rectangle GL_ARB_texture_rg GL_ARB_texture_rgb10_a2ui GL_ARB_texture_stencil8 GL_ARB_texture_storage GL_ARB_texture_storage_multisample GL_ARB_texture_swizzle GL_ARB_texture_view GL_ARB_timer_query GL_ARB_transform_feedback2 GL_ARB_transform_feedback3 GL_ARB_transform_feedback_instanced GL_ARB_transform_feedback_overflow_query GL_ARB_uniform_buffer_object GL_ARB_vertex_array_bgra GL_ARB_vertex_array_object GL_ARB_vertex_attrib_64bit GL_ARB_vertex_attrib_binding GL_ARB_vertex_buffer_object GL_ARB_vertex_shader GL_ARB_vertex_type_10f_11f_11
f_rev GL_ARB_vertex_type_2_10_10_10_rev GL_ARB_viewport_array GL_ATI_blend_equation_separate GL_ATI_meminfo GL_ATI_texture_float GL_ATI_texture_mirror_once GL_EXT_EGL_image_storage GL_EXT_EGL_image_storage_compression GL_EXT_EGL_sync GL_EXT_abgr GL_EXT_blend_equation_separate GL_EXT_debug_label GL_EXT_demote_to_helper_invocation GL_EXT_depth_bounds_test GL_EXT_draw_buffers2 GL_EXT_draw_instanced GL_EXT_framebuffer_blit GL_EXT_framebuffer_multisample GL_EXT_framebuffer_multisample_blit_scaled GL_EXT_framebuffer_object GL_EXT_framebuffer_sRGB GL_EXT_memory_object GL_EXT_memory_object_fd GL_EXT_packed_depth_stencil GL_EXT_packed_float GL_EXT_pixel_buffer_object GL_EXT_polygon_offset_clamp GL_EXT_provoking_vertex GL_EXT_semaphore GL_EXT_semaphore_fd GL_EXT_shader_image_load_formatted GL_EXT_shader_image_load_store GL_EXT_shader_integer_mix GL_EXT_shader_samples_identical GL_EXT_texture_array GL_EXT_texture_compression_dxt1 GL_EXT_texture_compression_rgtc GL_EXT_texture_compression_s3tc GL_EXT_texture_filter_anis
otropic GL_EXT_texture_filter_minmax GL_EXT_texture_integer GL_EXT_texture_mirror_clamp GL_EXT_texture_sRGB GL_EXT_texture_sRGB_R8 GL_EXT_texture_sRGB_decode GL_EXT_texture_shadow_lod GL_EXT_texture_shared_exponent GL_EXT_texture_snorm GL_EXT_texture_storage GL_EXT_texture_swizzle GL_EXT_timer_query GL_EXT_transform_feedback GL_EXT_vertex_array_bgra GL_EXT_vertex_attrib_64bit GL_EXT_window_rectangles GL_IBM_multimode_draw_arrays GL_INTEL_blackhole_render GL_KHR_blend_equation_advanced GL_KHR_context_flush_control GL_KHR_debug GL_KHR_no_error GL_KHR_parallel_shader_compile GL_KHR_robust_buffer_access_behavior GL_KHR_robustness GL_KHR_texture_compression_astc_ldr GL_KHR_texture_compression_astc_sliced_3d GL_MESA_framebuffer_flip_y GL_MESA_pack_invert GL_MESA_shader_integer_functions GL_MESA_texture_const_bandwidth GL_MESA_texture_signed_rgba GL_NVX_gpu_memory_info GL_NV_alpha_to_coverage_dither_control GL_NV_compute_shader_derivatives GL_NV_conditional_render GL_NV_copy_image GL_NV_depth_clamp GL_NV_packed_dep
th_stencil GL_NV_shader_atomic_int64 GL_NV_texture_barrier GL_NV_vdpau_interop GL_OES_EGL_image GL_S3_s3tc
OPENGL LOG: Creating OpenGL 4.6 graphics device ; Context level  <OpenGL 4.5> ; Context handle 480006688
Begin MonoManager ReloadAssembly
- Completed reload, in  0.163 seconds
OnLevelWasLoaded was found on LevelSetup
This message has been deprecated and will be removed in a later version of Unity.
Add a delegate to SceneManager.sceneLoaded instead to get notifications after scene loading has completed
Default vsync count 1
requesting resize 2560 x 1440
Using native desktop resolution 2560 x 1440
requesting fullscreen 2560 x 1440 at 0 Hz
Desktop is 2560 x 1440 @ 165 Hz
UnloadTime: 1.055414 ms
Inconsistent value (1) for DRI_PRIME. Should be < 1 (GPU devices count). Using: 0
Setting breakpad minidump AppID = 322500
Steam_SetMinidumpSteamID:  Caching Steam ID:  76561199106237815 [API loaded no]
Backup creation result: Successful
0:3(12): error: extension `GL_OVR_multiview2' unsupported in vertex shader

Note: Creation of internal variant of shader 'Hidden/InternalClear' failed.
0:3(12): error: extension `GL_OVR_multiview2' unsupported in vertex shader

Note: Creation of internal variant of shader 'Hidden/InternalClear' failed.
0:3(12): error: extension `GL_OVR_multiview2' unsupported in vertex shader

Note: Creation of internal variant of shader 'Hidden/InternalClear' failed.
0:3(12): error: extension `GL_OVR_multiview2' unsupported in vertex shader

Note: Creation of internal variant of shader 'Hidden/InternalClear' failed.
0:3(12): error: extension `GL_OVR_multiview2' unsupported in vertex shader

Note: Creation of internal variant of shader 'Hidden/InternalClear' failed.
0:3(12): error: extension `GL_OVR_multiview2' unsupported in vertex shader

Note: Creation of internal variant of shader 'Hidden/InternalClear' failed.
0:3(12): error: extension `GL_OVR_multiview2' unsupported in vertex shader

Note: Creation of internal variant of shader 'Hidden/InternalClear' failed.
0:3(12): error: extension `GL_OVR_multiview2' unsupported in vertex shader

Note: Creation of internal variant of shader 'Hidden/InternalClear' failed.
0:3(12): error: extension `GL_OVR_multiview2' unsupported in vertex shader

Note: Creation of internal variant of shader 'GUI/Text Shader' failed.
0:3(12): error: extension `GL_OVR_multiview2' unsupported in vertex shader

Note: Creation of internal variant of shader 'Hidden/InternalErrorShader' failed.
Shader warmup: 7 shaders 53 combinations 0.040s
https://killstagram.azurewebsites.net/api/Uploader/nyarch-swrnekoc2f3d40061294c879e24b76966e5f3b9
Starting WebRequest for acquiring KillstagramId
Curl error 6: Could not resolve host: killstagram.azurewebsites.net
WebRequest resolved
WebRequest returned error: httpError: False, networkError: True
Error message: Cannot resolve destination host
Trying to restart Id acquiring
https://killstagram.azurewebsites.net/api/Uploader/nyarch-swrnekoc2f3d40061294c879e24b76966e5f3b9
Starting WebRequest for acquiring KillstagramId
Curl error 6: Could not resolve host: killstagram.azurewebsites.net
Achievement System initialization result: OK, User stats init result: OK
The referenced script (SHRLDebugWindow) on this Behaviour is missing!
The referenced script (DebugWindowDisplay) on this Behaviour is missing!
The referenced script on this Behaviour (Game Object 'BaseSystems(Clone)') is missing!
The referenced script on this Behaviour (Game Object 'BaseSystems(Clone)') is missing!
The referenced script on this Behaviour (Game Object 'prober') is missing!
The referenced script on this Behaviour (Game Object 'AchivManager') is missing!
The referenced script on this Behaviour (Game Object 'AchivManager') is missing!
Unloading 6 Unused Serialized files (Serialized files now loaded: 0)
Setting up 14 worker threads for Enlighten.
  Thread -> id: 7c4c4ee006c0 -> priority: 1 
  Thread -> id: 7c4c4dc006c0 -> priority: 1 
  Thread -> id: 7c4c43e006c0 -> priority: 1 
  Thread -> id: 7c4c42c006c0 -> priority: 1 
  Thread -> id: 7c4c41a006c0 -> priority: 1 
  Thread -> id: 7c4c2fe006c0 -> priority: 1 
  Thread -> id: 7c4c2ec006c0 -> priority: 1 
  Thread -> id: 7c4c2da006c0 -> priority: 1 
  Thread -> id: 7c4c23e006c0 -> priority: 1 
  Thread -> id: 7c4c22c006c0 -> priority: 1 
  Thread -> id: 7c4c21a006c0 -> priority: 1 
  Thread -> id: 7c4c0fe006c0 -> priority: 1 
  Thread -> id: 7c4c0ec006c0 -> priority: 1 
  Thread -> id: 7c4c03e006c0 -> priority: 1 
WebRequest resolved
WebRequest returned error: httpError: False, networkError: True
Error message: Cannot resolve destination host
Trying to restart Id acquiring
https://killstagram.azurewebsites.net/api/Uploader/nyarch-swrnekoc2f3d40061294c879e24b76966e5f3b9
Starting WebRequest for acquiring KillstagramId
Curl error 6: Could not resolve host: killstagram.azurewebsites.net
WebRequest resolved
WebRequest returned error: httpError: False, networkError: True
Error message: Cannot resolve destination host
Trying to restart Id acquiring
https://killstagram.azurewebsites.net/api/Uploader/nyarch-swrnekoc2f3d40061294c879e24b76966e5f3b9
Starting WebRequest for acquiring KillstagramId
Curl error 6: Could not resolve host: killstagram.azurewebsites.net
UnloadTime: 1.603551 ms
Shader warmup: 59 shaders 309 combinations 0.316s
WebRequest resolved
WebRequest returned error: httpError: False, networkError: True
Error message: Cannot resolve destination host
Trying to restart Id acquiring
https://killstagram.azurewebsites.net/api/Uploader/nyarch-swrnekoc2f3d40061294c879e24b76966e5f3b9
Starting WebRequest for acquiring KillstagramId
Curl error 6: Could not resolve host: killstagram.azurewebsites.net

Unloading 25 unused Assets to reduce memory usage. Loaded Objects now: 3882.
Total: 6.878796 ms (FindLiveObjects: 0.242730 ms CreateObjectMapping: 0.112750 ms MarkObjects: 6.182601 ms  DeleteObjects: 0.340396 ms)

WebRequest resolved
WebRequest returned error: httpError: False, networkError: True
Error message: Cannot resolve destination host
Couldn't acquire Killstagram ID. Game will only be registered anonymously and claiming will be disabled.
Couldn't create a Convex Mesh from source mesh "Cylinder" within the maximum polygons limit (256). The partial hull will be used. Consider simplifying your mesh.
The referenced script on this Behaviour (Game Object 'LevelFlowControl') is missing!
Unloading 9 Unused Serialized files (Serialized files now loaded: 0)
UnloadTime: 1.283214 ms

Unloading 49 unused Assets to reduce memory usage. Loaded Objects now: 16452.
Total: 22.916357 ms (FindLiveObjects: 1.236273 ms CreateObjectMapping: 0.629441 ms MarkObjects: 20.890316 ms  DeleteObjects: 0.159622 ms)

Shader warmup: 88 shaders 1270 combinations 1.212s
Trying to update IK solver before initiating it. If you intended to disable the IK component to manage it's updating, use ik.Disable() instead of ik.enabled = false, the latter does not guarantee solver initiation.
Kinematic body only supports Speculative Continuous collision detection
BoxColliders does not support negative scale or size.
The effective box size has been forced positive and is likely to give unexpected collision geometry.
If you absolutely need to use negative scaling you can use the convex MeshCollider. Scene hierarchy path "_Omni/Folders/Pickups/KatanaPickup(Clone)/Offset/collider"
Kinematic body only supports Speculative Continuous collision detection
Kinematic body only supports Speculative Continuous collision detection
Kinematic body only supports Speculative Continuous collision detection
Kinematic body only supports Speculative Continuous collision detection
BoxColliders does not support negative scale or size.
The effective box size has been forced positive and is likely to give unexpected collision geometry.
If you absolutely need to use negative scaling you can use the convex MeshCollider. Scene hierarchy path "_Omni/Folders/Pickups/KatanaPickup(Clone)/Offset/collider"
The referenced script on this Behaviour (Game Object 'LevelFlowControl') is missing!
Unloading 9 Unused Serialized files (Serialized files now loaded: 0)
UnloadTime: 28.109555 ms

Unloading 278 unused Assets to reduce memory usage. Loaded Objects now: 16845.
Total: 47.419025 ms (FindLiveObjects: 1.270482 ms CreateObjectMapping: 0.651953 ms MarkObjects: 43.013509 ms  DeleteObjects: 2.482477 ms)

Shader warmup: 90 shaders 1272 combinations 0.007s
Kinematic body only supports Speculative Continuous collision detection
BoxColliders does not support negative scale or size.
The effective box size has been forced positive and is likely to give unexpected collision geometry.
If you absolutely need to use negative scaling you can use the convex MeshCollider. Scene hierarchy path "_Omni/Folders/Pickups/KatanaPickup(Clone)/Offset/collider"
The referenced script on this Behaviour (Game Object 'LevelFlowControl') is missing!
Unloading 9 Unused Serialized files (Serialized files now loaded: 0)
UnloadTime: 21.465701 ms

Unloading 270 unused Assets to reduce memory usage. Loaded Objects now: 16892.
Total: 31.989705 ms (FindLiveObjects: 1.294300 ms CreateObjectMapping: 0.687609 ms MarkObjects: 27.127806 ms  DeleteObjects: 2.879255 ms)

Shader warmup: 90 shaders 1272 combinations 0.004s
The referenced script on this Behaviour (Game Object 'LevelFlowControl') is missing!
Unloading 9 Unused Serialized files (Serialized files now loaded: 0)
UnloadTime: 19.698492 ms

Unloading 270 unused Assets to reduce memory usage. Loaded Objects now: 16929.
Total: 29.933645 ms (FindLiveObjects: 1.358693 ms CreateObjectMapping: 0.703018 ms MarkObjects: 25.499688 ms  DeleteObjects: 2.371578 ms)

Shader warmup: 90 shaders 1272 combinations 0.004s
The referenced script on this Behaviour (Game Object 'LevelFlowControl') is missing!
Unloading 9 Unused Serialized files (Serialized files now loaded: 0)
UnloadTime: 16.156275 ms

Unloading 270 unused Assets to reduce memory usage. Loaded Objects now: 16968.
Total: 27.220914 ms (FindLiveObjects: 1.315062 ms CreateObjectMapping: 0.621215 ms MarkObjects: 22.534008 ms  DeleteObjects: 2.750010 ms)

Shader warmup: 90 shaders 1272 combinations 0.004s
Kinematic body only supports Speculative Continuous collision detection
BoxColliders does not support negative scale or size.
The effective box size has been forced positive and is likely to give unexpected collision geometry.
If you absolutely need to use negative scaling you can use the convex MeshCollider. Scene hierarchy path "_Omni/Folders/Pickups/KatanaPickup(Clone)/Offset/collider"
Kinematic body only supports Speculative Continuous collision detection
The referenced script on this Behaviour (Game Object 'LevelFlowControl') is missing!
Unloading 9 Unused Serialized files (Serialized files now loaded: 0)
UnloadTime: 21.145598 ms

Unloading 270 unused Assets to reduce memory usage. Loaded Objects now: 17015.
Total: 28.540225 ms (FindLiveObjects: 1.322772 ms CreateObjectMapping: 0.675227 ms MarkObjects: 24.015646 ms  DeleteObjects: 2.525954 ms)

Shader warmup: 90 shaders 1272 combinations 0.004s
Kinematic body only supports Speculative Continuous collision detection
BoxColliders does not support negative scale or size.
The effective box size has been forced positive and is likely to give unexpected collision geometry.
If you absolutely need to use negative scaling you can use the convex MeshCollider. Scene hierarchy path "_Omni/Folders/Pickups/KatanaPickup(Clone)/Offset/collider"
Kinematic body only supports Speculative Continuous collision detection
The referenced script on this Behaviour (Game Object 'LevelFlowControl') is missing!
Unloading 9 Unused Serialized files (Serialized files now loaded: 0)
UnloadTime: 20.567923 ms

Unloading 270 unused Assets to reduce memory usage. Loaded Objects now: 17054.
Total: 27.883367 ms (FindLiveObjects: 1.334062 ms CreateObjectMapping: 0.687518 ms MarkObjects: 23.102904 ms  DeleteObjects: 2.758095 ms)

Shader warmup: 90 shaders 1272 combinations 0.004s
Kinematic body only supports Speculative Continuous collision detection
BoxColliders does not support negative scale or size.
The effective box size has been forced positive and is likely to give unexpected collision geometry.
If you absolutely need to use negative scaling you can use the convex MeshCollider. Scene hierarchy path "_Omni/Folders/Pickups/KatanaPickup(Clone)/Offset/collider"
Kinematic body only supports Speculative Continuous collision detection
The referenced script on this Behaviour (Game Object 'LevelFlowControl') is missing!
Unloading 9 Unused Serialized files (Serialized files now loaded: 0)
UnloadTime: 20.510451 ms

Unloading 270 unused Assets to reduce memory usage. Loaded Objects now: 17093.
Total: 27.154165 ms (FindLiveObjects: 1.288938 ms CreateObjectMapping: 0.697752 ms MarkObjects: 22.624752 ms  DeleteObjects: 2.542005 ms)

Shader warmup: 90 shaders 1272 combinations 0.003s
Kinematic body only supports Speculative Continuous collision detection
BoxColliders does not support negative scale or size.
The effective box size has been forced positive and is likely to give unexpected collision geometry.
If you absolutely need to use negative scaling you can use the convex MeshCollider. Scene hierarchy path "_Omni/Folders/Pickups/KatanaPickup(Clone)/Offset/collider"
Kinematic body only supports Speculative Continuous collision detection
The referenced script on this Behaviour (Game Object 'LevelFlowControl') is missing!
Unloading 9 Unused Serialized files (Serialized files now loaded: 0)
UnloadTime: 20.720175 ms

Unloading 270 unused Assets to reduce memory usage. Loaded Objects now: 17163.
Total: 32.104047 ms (FindLiveObjects: 1.523574 ms CreateObjectMapping: 0.682123 ms MarkObjects: 27.090062 ms  DeleteObjects: 2.807606 ms)

Shader warmup: 90 shaders 1272 combinations 0.004s
Kinematic body only supports Speculative Continuous collision detection
BoxColliders does not support negative scale or size.
The effective box size has been forced positive and is likely to give unexpected collision geometry.
If you absolutely need to use negative scaling you can use the convex MeshCollider. Scene hierarchy path "_Omni/Folders/Pickups/KatanaPickup(Clone)/Offset/collider"
Kinematic body only supports Speculative Continuous collision detection
The referenced script on this Behaviour (Game Object 'LevelFlowControl') is missing!
Unloading 9 Unused Serialized files (Serialized files now loaded: 0)
UnloadTime: 21.134783 ms

Unloading 270 unused Assets to reduce memory usage. Loaded Objects now: 17241.
Total: 31.668322 ms (FindLiveObjects: 1.518612 ms CreateObjectMapping: 0.689880 ms MarkObjects: 26.887741 ms  DeleteObjects: 2.571369 ms)

Shader warmup: 90 shaders 1272 combinations 0.004s
Kinematic body only supports Speculative Continuous collision detection
BoxColliders does not support negative scale or size.
The effective box size has been forced positive and is likely to give unexpected collision geometry.
If you absolutely need to use negative scaling you can use the convex MeshCollider. Scene hierarchy path "_Omni/Folders/Pickups/KatanaPickup(Clone)/Offset/collider"
Kinematic body only supports Speculative Continuous collision detection
Kinematic body only supports Speculative Continuous collision detection
Kinematic body only supports Speculative Continuous collision detection
BoxColliders does not support negative scale or size.
The effective box size has been forced positive and is likely to give unexpected collision geometry.
If you absolutely need to use negative scaling you can use the convex MeshCollider. Scene hierarchy path "Enemy/EnemyBody/rig/root/Hips/Spine/Chest/RightShoulder/RightArm/RightForeArm/RightHand/MeleeWeaponSocket/KatanaPickup(Clone)/Offset/collider"
BoxColliders does not support negative scale or size.
The effective box size has been forced positive and is likely to give unexpected collision geometry.
If you absolutely need to use negative scaling you can use the convex MeshCollider. Scene hierarchy path "_Omni/Folders/Pickups/KatanaPickup(Clone)/Offset/collider"
Kinematic body only supports Speculative Continuous collision detection
BoxColliders does not support negative scale or size.
The effective box size has been forced positive and is likely to give unexpected collision geometry.
If you absolutely need to use negative scaling you can use the convex MeshCollider. Scene hierarchy path "_Omni/Folders/Pickups/KatanaPickup(Clone)/Offset/collider"
Kinematic body only supports Speculative Continuous collision detection
Kinematic body only supports Speculative Continuous collision detection
Kinematic body only supports Speculative Continuous collision detection
BoxColliders does not support negative scale or size.
The effective box size has been forced positive and is likely to give unexpected collision geometry.
If you absolutely need to use negative scaling you can use the convex MeshCollider. Scene hierarchy path "Enemy/EnemyBody/rig/root/Hips/Spine/Chest/RightShoulder/RightArm/RightForeArm/RightHand/MeleeWeaponSocket/KatanaPickup(Clone)/Offset/collider"
BoxColliders does not support negative scale or size.
The effective box size has been forced positive and is likely to give unexpected collision geometry.
If you absolutely need to use negative scaling you can use the convex MeshCollider. Scene hierarchy path "_Omni/Folders/Pickups/KatanaPickup(Clone)/Offset/collider"
The referenced script on this Behaviour (Game Object 'LevelFlowControl') is missing!
Unloading 9 Unused Serialized files (Serialized files now loaded: 0)
UnloadTime: 16.767800 ms

Unloading 296 unused Assets to reduce memory usage. Loaded Objects now: 17373.
Total: 47.598456 ms (FindLiveObjects: 1.359914 ms CreateObjectMapping: 0.622341 ms MarkObjects: 42.521011 ms  DeleteObjects: 3.094599 ms)

Shader warmup: 90 shaders 1272 combinations 0.004s
Kinematic body only supports Speculative Continuous collision detection
BoxColliders does not support negative scale or size.
The effective box size has been forced positive and is likely to give unexpected collision geometry.
If you absolutely need to use negative scaling you can use the convex MeshCollider. Scene hierarchy path "_Omni/Folders/Pickups/KatanaPickup(Clone)/Offset/collider"
Kinematic body only supports Speculative Continuous collision detection
The referenced script (SHRLDebugWindow) on this Behaviour is missing!
The referenced script (DebugWindowDisplay) on this Behaviour is missing!
The referenced script on this Behaviour (Game Object 'BaseSystems(Clone)') is missing!
The referenced script on this Behaviour (Game Object 'BaseSystems(Clone)') is missing!
The referenced script on this Behaviour (Game Object 'prober') is missing!
The referenced script on this Behaviour (Game Object 'AchivManager') is missing!
The referenced script on this Behaviour (Game Object 'AchivManager') is missing!
Unloading 5 Unused Serialized files (Serialized files now loaded: 0)
UnloadTime: 16.207446 ms

Unloading 1975 unused Assets to reduce memory usage. Loaded Objects now: 7342.
Total: 22.094317 ms (FindLiveObjects: 0.689979 ms CreateObjectMapping: 0.367895 ms MarkObjects: 14.169544 ms  DeleteObjects: 6.866210 ms)

Shader warmup: 90 shaders 1272 combinations 0.003s
The referenced script on this Behaviour (Game Object 'LevelFlowControl') is missing!
Unloading 13 Unused Serialized files (Serialized files now loaded: 0)
UnloadTime: 1.053818 ms

Unloading 22 unused Assets to reduce memory usage. Loaded Objects now: 21029.
Total: 24.880666 ms (FindLiveObjects: 1.628920 ms CreateObjectMapping: 0.646978 ms MarkObjects: 22.491569 ms  DeleteObjects: 0.112547 ms)

Shader warmup: 94 shaders 1459 combinations 0.258s
Can not play a disabled audio source
The referenced script (SHRLDebugWindow) on this Behaviour is missing!
The referenced script (DebugWindowDisplay) on this Behaviour is missing!
The referenced script on this Behaviour (Game Object 'BaseSystems(Clone)') is missing!
The referenced script on this Behaviour (Game Object 'BaseSystems(Clone)') is missing!
The referenced script on this Behaviour (Game Object 'prober') is missing!
The referenced script on this Behaviour (Game Object 'AchivManager') is missing!
The referenced script on this Behaviour (Game Object 'AchivManager') is missing!
Unloading 5 Unused Serialized files (Serialized files now loaded: 0)
UnloadTime: 32.954039 ms

Unloading 1909 unused Assets to reduce memory usage. Loaded Objects now: 7423.
Total: 25.870620 ms (FindLiveObjects: 0.833064 ms CreateObjectMapping: 0.407559 ms MarkObjects: 16.048796 ms  DeleteObjects: 8.580494 ms)

Shader warmup: 94 shaders 1459 combinations 0.004s
The referenced script on this Behaviour (Game Object 'paintingThrowable (1)') is missing!
The referenced script on this Behaviour (Game Object 'paintingThrowable (1)') is missing!
The referenced script on this Behaviour (Game Object 'LevelFlowControl') is missing!
The referenced script on this Behaviour (Game Object 'paintingThrowable (2)') is missing!
The referenced script on this Behaviour (Game Object 'paintingThrowable (2)') is missing!
Unloading 12 Unused Serialized files (Serialized files now loaded: 0)
UnloadTime: 1.032462 ms

Unloading 21 unused Assets to reduce memory usage. Loaded Objects now: 22792.
Total: 27.546875 ms (FindLiveObjects: 1.760134 ms CreateObjectMapping: 0.666921 ms MarkObjects: 24.980348 ms  DeleteObjects: 0.138863 ms)

Shader warmup: 94 shaders 1459 combinations 0.004s
The referenced script on this Behaviour (Game Object 'paintingThrowable (1)') is missing!
The referenced script on this Behaviour (Game Object 'paintingThrowable (1)') is missing!
The referenced script on this Behaviour (Game Object 'LevelFlowControl') is missing!
The referenced script on this Behaviour (Game Object 'paintingThrowable (2)') is missing!
The referenced script on this Behaviour (Game Object 'paintingThrowable (2)') is missing!
Unloading 12 Unused Serialized files (Serialized files now loaded: 0)
UnloadTime: 15.811033 ms

Unloading 133 unused Assets to reduce memory usage. Loaded Objects now: 22850.
Total: 18.332581 ms (FindLiveObjects: 0.977185 ms CreateObjectMapping: 0.348494 ms MarkObjects: 15.832846 ms  DeleteObjects: 1.173632 ms)

Shader warmup: 94 shaders 1459 combinations 0.003s
Kinematic body only supports Speculative Continuous collision detection
The referenced script on this Behaviour (Game Object '<null>') is missing!
The referenced script on this Behaviour (Game Object '<null>') is missing!
The referenced script on this Behaviour (Game Object 'paintingThrowable (2)') is missing!
The referenced script on this Behaviour (Game Object 'paintingThrowable (2)') is missing!
The referenced script on this Behaviour (Game Object 'paintingThrowable (2)') is missing!
The referenced script on this Behaviour (Game Object 'paintingThrowable (2)') is missing!
The referenced script on this Behaviour (Game Object 'paintingThrowable (1)') is missing!
The referenced script on this Behaviour (Game Object 'paintingThrowable (1)') is missing!
The referenced script on this Behaviour (Game Object 'LevelFlowControl') is missing!
The referenced script on this Behaviour (Game Object 'paintingThrowable (2)') is missing!
The referenced script on this Behaviour (Game Object 'paintingThrowable (2)') is missing!
Unloading 12 Unused Serialized files (Serialized files now loaded: 0)
UnloadTime: 31.144346 ms

Unloading 135 unused Assets to reduce memory usage. Loaded Objects now: 22904.
Total: 26.500958 ms (FindLiveObjects: 1.640846 ms CreateObjectMapping: 0.621270 ms MarkObjects: 23.028486 ms  DeleteObjects: 1.209813 ms)

Shader warmup: 94 shaders 1459 combinations 0.003s
Kinematic body only supports Speculative Continuous collision detection
The referenced script on this Behaviour (Game Object 'paintingThrowable (1)') is missing!
The referenced script on this Behaviour (Game Object 'paintingThrowable (1)') is missing!
The referenced script on this Behaviour (Game Object 'LevelFlowControl') is missing!
The referenced script on this Behaviour (Game Object 'paintingThrowable (2)') is missing!
The referenced script on this Behaviour (Game Object 'paintingThrowable (2)') is missing!
Unloading 12 Unused Serialized files (Serialized files now loaded: 0)
UnloadTime: 31.011175 ms

Unloading 221 unused Assets to reduce memory usage. Loaded Objects now: 22954.
Total: 27.246048 ms (FindLiveObjects: 1.410383 ms CreateObjectMapping: 0.539263 ms MarkObjects: 23.423129 ms  DeleteObjects: 1.872752 ms)

Shader warmup: 94 shaders 1459 combinations 0.003s
Kinematic body only supports Speculative Continuous collision detection
The referenced script on this Behaviour (Game Object 'paintingThrowable (1)') is missing!
The referenced script on this Behaviour (Game Object 'paintingThrowable (1)') is missing!
The referenced script on this Behaviour (Game Object 'LevelFlowControl') is missing!
The referenced script on this Behaviour (Game Object 'paintingThrowable (2)') is missing!
The referenced script on this Behaviour (Game Object 'paintingThrowable (2)') is missing!
Unloading 12 Unused Serialized files (Serialized files now loaded: 0)
UnloadTime: 32.896946 ms

Unloading 220 unused Assets to reduce memory usage. Loaded Objects now: 22996.
Total: 30.576672 ms (FindLiveObjects: 1.751197 ms CreateObjectMapping: 0.682555 ms MarkObjects: 26.167476 ms  DeleteObjects: 1.974767 ms)

Shader warmup: 94 shaders 1459 combinations 0.003s
Kinematic body only supports Speculative Continuous collision detection
The referenced script (SHRLDebugWindow) on this Behaviour is missing!
The referenced script (DebugWindowDisplay) on this Behaviour is missing!
The referenced script on this Behaviour (Game Object 'BaseSystems(Clone)') is missing!
The referenced script on this Behaviour (Game Object 'BaseSystems(Clone)') is missing!
The referenced script on this Behaviour (Game Object 'prober') is missing!
The referenced script on this Behaviour (Game Object 'AchivManager') is missing!
The referenced script on this Behaviour (Game Object 'AchivManager') is missing!
Unloading 5 Unused Serialized files (Serialized files now loaded: 0)
UnloadTime: 18.488069 ms

Unloading 2329 unused Assets to reduce memory usage. Loaded Objects now: 7800.
Total: 23.558120 ms (FindLiveObjects: 0.601450 ms CreateObjectMapping: 0.399475 ms MarkObjects: 14.181146 ms  DeleteObjects: 8.375591 ms)

Shader warmup: 94 shaders 1459 combinations 0.003s
Couldn't create a Convex Mesh from source mesh "Cube" within the maximum polygons limit (256). The partial hull will be used. Consider simplifying your mesh.
The referenced script on this Behaviour (Game Object 'LevelFlowControlNormal') is missing!
Unloading 15 Unused Serialized files (Serialized files now loaded: 0)
UnloadTime: 0.845128 ms

Unloading 108 unused Assets to reduce memory usage. Loaded Objects now: 40298.
Total: 32.965130 ms (FindLiveObjects: 3.041701 ms CreateObjectMapping: 0.930417 ms MarkObjects: 27.710701 ms  DeleteObjects: 1.281779 ms)

Shader warmup: 94 shaders 1459 combinations 0.003s
Kinematic body only supports Speculative Continuous collision detection
The referenced script on this Behaviour (Game Object 'LevelFlowControlNormal') is missing!
Unloading 15 Unused Serialized files (Serialized files now loaded: 0)
UnloadTime: 51.542434 ms

Unloading 101 unused Assets to reduce memory usage. Loaded Objects now: 40351.
Total: 34.331651 ms (FindLiveObjects: 2.170881 ms CreateObjectMapping: 0.630572 ms MarkObjects: 30.599327 ms  DeleteObjects: 0.930270 ms)

Shader warmup: 94 shaders 1459 combinations 0.003s
Kinematic body only supports Speculative Continuous collision detection
The referenced script on this Behaviour (Game Object 'LevelFlowControlNormal') is missing!
Unloading 15 Unused Serialized files (Serialized files now loaded: 0)
UnloadTime: 47.422424 ms

Unloading 102 unused Assets to reduce memory usage. Loaded Objects now: 40414.
Total: 34.731136 ms (FindLiveObjects: 2.190143 ms CreateObjectMapping: 0.702744 ms MarkObjects: 30.867918 ms  DeleteObjects: 0.969775 ms)

Shader warmup: 94 shaders 1459 combinations 0.003s
Kinematic body only supports Speculative Continuous collision detection
The referenced script (SHRLDebugWindow) on this Behaviour is missing!
The referenced script (DebugWindowDisplay) on this Behaviour is missing!
The referenced script on this Behaviour (Game Object 'BaseSystems(Clone)') is missing!
The referenced script on this Behaviour (Game Object 'BaseSystems(Clone)') is missing!
The referenced script on this Behaviour (Game Object 'prober') is missing!
The referenced script on this Behaviour (Game Object 'AchivManager') is missing!
The referenced script on this Behaviour (Game Object 'AchivManager') is missing!
Unloading 5 Unused Serialized files (Serialized files now loaded: 0)
UnloadTime: 35.904912 ms

Unloading 2411 unused Assets to reduce memory usage. Loaded Objects now: 7925.
Total: 27.545743 ms (FindLiveObjects: 0.623055 ms CreateObjectMapping: 0.373071 ms MarkObjects: 17.889393 ms  DeleteObjects: 8.659683 ms)

Shader warmup: 94 shaders 1459 combinations 0.003s
Unloading 20 Unused Serialized files (Serialized files now loaded: 0)
UnloadTime: 1.052679 ms

Unloading 22 unused Assets to reduce memory usage. Loaded Objects now: 22778.
Total: 26.322864 ms (FindLiveObjects: 1.815522 ms CreateObjectMapping: 0.684381 ms MarkObjects: 23.689857 ms  DeleteObjects: 0.132524 ms)

Shader warmup: 97 shaders 1512 combinations 0.073s
Unloading 20 Unused Serialized files (Serialized files now loaded: 0)
UnloadTime: 29.942650 ms

Unloading 85 unused Assets to reduce memory usage. Loaded Objects now: 22825.
Total: 27.256342 ms (FindLiveObjects: 1.945705 ms CreateObjectMapping: 0.763949 ms MarkObjects: 23.609568 ms  DeleteObjects: 0.936456 ms)

Shader warmup: 97 shaders 1512 combinations 0.004s
Unloading 20 Unused Serialized files (Serialized files now loaded: 0)
UnloadTime: 26.311511 ms

Unloading 112 unused Assets to reduce memory usage. Loaded Objects now: 22874.
Total: 35.033956 ms (FindLiveObjects: 1.868738 ms CreateObjectMapping: 0.675249 ms MarkObjects: 30.980975 ms  DeleteObjects: 1.508362 ms)

Shader warmup: 97 shaders 1512 combinations 0.004s
Unloading 20 Unused Serialized files (Serialized files now loaded: 0)
UnloadTime: 35.014084 ms

Unloading 110 unused Assets to reduce memory usage. Loaded Objects now: 22972.
Total: 47.649231 ms (FindLiveObjects: 1.631093 ms CreateObjectMapping: 0.612405 ms MarkObjects: 44.035584 ms  DeleteObjects: 1.369200 ms)

Shader warmup: 97 shaders 1512 combinations 0.003s
Unloading 20 Unused Serialized files (Serialized files now loaded: 0)
UnloadTime: 28.428575 ms

Unloading 86 unused Assets to reduce memory usage. Loaded Objects now: 23006.
Total: 24.929153 ms (FindLiveObjects: 2.297294 ms CreateObjectMapping: 0.819086 ms MarkObjects: 20.843931 ms  DeleteObjects: 0.968180 ms)

Shader warmup: 97 shaders 1512 combinations 0.003s
Unloading 20 Unused Serialized files (Serialized files now loaded: 0)
UnloadTime: 40.099373 ms

Unloading 84 unused Assets to reduce memory usage. Loaded Objects now: 23046.
Total: 24.264983 ms (FindLiveObjects: 1.556628 ms CreateObjectMapping: 0.581491 ms MarkObjects: 21.223366 ms  DeleteObjects: 0.902962 ms)

Shader warmup: 97 shaders 1512 combinations 0.005s
Unloading 20 Unused Serialized files (Serialized files now loaded: 0)
UnloadTime: 28.924768 ms

Unloading 84 unused Assets to reduce memory usage. Loaded Objects now: 23084.
Total: 25.894346 ms (FindLiveObjects: 1.760252 ms CreateObjectMapping: 0.662380 ms MarkObjects: 22.509041 ms  DeleteObjects: 0.962047 ms)

Shader warmup: 97 shaders 1512 combinations 0.004s
The referenced script (SHRLDebugWindow) on this Behaviour is missing!
The referenced script (DebugWindowDisplay) on this Behaviour is missing!
The referenced script on this Behaviour (Game Object 'BaseSystems(Clone)') is missing!
The referenced script on this Behaviour (Game Object 'BaseSystems(Clone)') is missing!
The referenced script on this Behaviour (Game Object 'prober') is missing!
The referenced script on this Behaviour (Game Object 'AchivManager') is missing!
The referenced script on this Behaviour (Game Object 'AchivManager') is missing!
Unloading 5 Unused Serialized files (Serialized files now loaded: 0)
UnloadTime: 19.601262 ms

Unloading 2323 unused Assets to reduce memory usage. Loaded Objects now: 8299.
Total: 17.252728 ms (FindLiveObjects: 0.495595 ms CreateObjectMapping: 0.255229 ms MarkObjects: 11.251228 ms  DeleteObjects: 5.250278 ms)

Shader warmup: 97 shaders 1512 combinations 0.003s
The referenced script on this Behaviour (Game Object 'LevelFlowControl') is missing!
Unloading 12 Unused Serialized files (Serialized files now loaded: 0)
UnloadTime: 1.022876 ms

Unloading 21 unused Assets to reduce memory usage. Loaded Objects now: 24747.
Total: 27.176723 ms (FindLiveObjects: 1.801568 ms CreateObjectMapping: 0.602280 ms MarkObjects: 24.667540 ms  DeleteObjects: 0.104829 ms)

Shader warmup: 97 shaders 1512 combinations 0.003s
The referenced script on this Behaviour (Game Object 'LevelFlowControl') is missing!
Unloading 12 Unused Serialized files (Serialized files now loaded: 0)
UnloadTime: 32.227973 ms

Unloading 130 unused Assets to reduce memory usage. Loaded Objects now: 24860.
Total: 31.279700 ms (FindLiveObjects: 1.564351 ms CreateObjectMapping: 0.518286 ms MarkObjects: 28.095261 ms  DeleteObjects: 1.101289 ms)

Shader warmup: 97 shaders 1512 combinations 0.003s
The referenced script (SHRLDebugWindow) on this Behaviour is missing!
The referenced script (DebugWindowDisplay) on this Behaviour is missing!
The referenced script on this Behaviour (Game Object 'BaseSystems(Clone)') is missing!
The referenced script on this Behaviour (Game Object 'BaseSystems(Clone)') is missing!
The referenced script on this Behaviour (Game Object 'prober') is missing!
The referenced script on this Behaviour (Game Object 'AchivManager') is missing!
The referenced script on this Behaviour (Game Object 'AchivManager') is missing!
Unloading 5 Unused Serialized files (Serialized files now loaded: 0)
UnloadTime: 33.941416 ms

Unloading 2031 unused Assets to reduce memory usage. Loaded Objects now: 8471.
Total: 36.755861 ms (FindLiveObjects: 1.292394 ms CreateObjectMapping: 0.785273 ms MarkObjects: 23.913411 ms  DeleteObjects: 10.763991 ms)

Shader warmup: 97 shaders 1512 combinations 0.004s
The referenced script on this Behaviour (Game Object 'LevelFlowControl') is missing!
Unloading 12 Unused Serialized files (Serialized files now loaded: 0)
UnloadTime: 1.006819 ms

Unloading 21 unused Assets to reduce memory usage. Loaded Objects now: 24921.
Total: 26.168503 ms (FindLiveObjects: 1.833201 ms CreateObjectMapping: 0.617380 ms MarkObjects: 23.593910 ms  DeleteObjects: 0.123430 ms)

Shader warmup: 97 shaders 1512 combinations 0.004s
The referenced script on this Behaviour (Game Object 'LevelFlowControl') is missing!
Unloading 12 Unused Serialized files (Serialized files now loaded: 0)
UnloadTime: 28.254610 ms

Unloading 129 unused Assets to reduce memory usage. Loaded Objects now: 24987.
Total: 34.964213 ms (FindLiveObjects: 1.810285 ms CreateObjectMapping: 0.567552 ms MarkObjects: 31.326850 ms  DeleteObjects: 1.258952 ms)

Shader warmup: 97 shaders 1512 combinations 0.003s
The referenced script on this Behaviour (Game Object 'LevelFlowControl') is missing!
Unloading 12 Unused Serialized files (Serialized files now loaded: 0)
UnloadTime: 29.988489 ms

Unloading 140 unused Assets to reduce memory usage. Loaded Objects now: 25027.
Total: 30.271494 ms (FindLiveObjects: 1.681110 ms CreateObjectMapping: 0.553899 ms MarkObjects: 26.773804 ms  DeleteObjects: 1.262170 ms)

Shader warmup: 97 shaders 1512 combinations 0.003s
The referenced script on this Behaviour (Game Object 'LevelFlowControl') is missing!
Unloading 12 Unused Serialized files (Serialized files now loaded: 0)
UnloadTime: 36.327545 ms

Unloading 135 unused Assets to reduce memory usage. Loaded Objects now: 25107.
Total: 45.899088 ms (FindLiveObjects: 1.564123 ms CreateObjectMapping: 0.505368 ms MarkObjects: 42.493008 ms  DeleteObjects: 1.336067 ms)

Shader warmup: 97 shaders 1512 combinations 0.003s
The referenced script on this Behaviour (Game Object 'LevelFlowControl') is missing!
Unloading 12 Unused Serialized files (Serialized files now loaded: 0)
UnloadTime: 31.692406 ms

Unloading 82 unused Assets to reduce memory usage. Loaded Objects now: 25150.
Total: 28.333390 ms (FindLiveObjects: 1.782623 ms CreateObjectMapping: 0.595155 ms MarkObjects: 25.216819 ms  DeleteObjects: 0.738206 ms)

Shader warmup: 97 shaders 1512 combinations 0.003s
The referenced script on this Behaviour (Game Object 'LevelFlowControl') is missing!
Unloading 12 Unused Serialized files (Serialized files now loaded: 0)
UnloadTime: 30.169688 ms

Unloading 121 unused Assets to reduce memory usage. Loaded Objects now: 25188.
Total: 31.270044 ms (FindLiveObjects: 1.757392 ms CreateObjectMapping: 0.579602 ms MarkObjects: 27.799986 ms  DeleteObjects: 1.132522 ms)

Shader warmup: 97 shaders 1512 combinations 0.003s
The referenced script on this Behaviour (Game Object 'LevelFlowControl') is missing!
Unloading 12 Unused Serialized files (Serialized files now loaded: 0)
UnloadTime: 35.112103 ms

Unloading 148 unused Assets to reduce memory usage. Loaded Objects now: 25224.
Total: 36.425115 ms (FindLiveObjects: 1.364573 ms CreateObjectMapping: 0.416853 ms MarkObjects: 33.311738 ms  DeleteObjects: 1.331455 ms)

Shader warmup: 97 shaders 1512 combinations 0.003s
The referenced script (SHRLDebugWindow) on this Behaviour is missing!
The referenced script (DebugWindowDisplay) on this Behaviour is missing!
The referenced script on this Behaviour (Game Object 'BaseSystems(Clone)') is missing!
The referenced script on this Behaviour (Game Object 'BaseSystems(Clone)') is missing!
The referenced script on this Behaviour (Game Object 'prober') is missing!
The referenced script on this Behaviour (Game Object 'AchivManager') is missing!
The referenced script on this Behaviour (Game Object 'AchivManager') is missing!
Unloading 5 Unused Serialized files (Serialized files now loaded: 0)
UnloadTime: 31.419459 ms

Unloading 2108 unused Assets to reduce memory usage. Loaded Objects now: 8835.
Total: 31.934236 ms (FindLiveObjects: 0.882191 ms CreateObjectMapping: 0.482743 ms MarkObjects: 20.565409 ms  DeleteObjects: 10.003106 ms)

Shader warmup: 97 shaders 1512 combinations 0.005s
Unloading 12 Unused Serialized files (Serialized files now loaded: 0)
UnloadTime: 0.629426 ms

Unloading 22 unused Assets to reduce memory usage. Loaded Objects now: 17045.
Total: 12.572508 ms (FindLiveObjects: 0.763630 ms CreateObjectMapping: 0.320710 ms MarkObjects: 11.332887 ms  DeleteObjects: 0.154991 ms)

Shader warmup: 97 shaders 1512 combinations 0.004s
Unloading 12 Unused Serialized files (Serialized files now loaded: 0)
UnloadTime: 20.282967 ms

Unloading 168 unused Assets to reduce memory usage. Loaded Objects now: 17098.
Total: 27.400292 ms (FindLiveObjects: 1.450889 ms CreateObjectMapping: 0.709339 ms MarkObjects: 24.204191 ms  DeleteObjects: 1.035251 ms)

Shader warmup: 97 shaders 1512 combinations 0.004s
Unloading 12 Unused Serialized files (Serialized files now loaded: 0)
UnloadTime: 19.619589 ms

Unloading 170 unused Assets to reduce memory usage. Loaded Objects now: 17138.
Total: 32.239305 ms (FindLiveObjects: 1.487303 ms CreateObjectMapping: 0.674064 ms MarkObjects: 28.915390 ms  DeleteObjects: 1.161855 ms)

Shader warmup: 97 shaders 1512 combinations 0.004s
Unloading 12 Unused Serialized files (Serialized files now loaded: 0)
UnloadTime: 23.309912 ms

Unloading 170 unused Assets to reduce memory usage. Loaded Objects now: 17179.
Total: 28.508484 ms (FindLiveObjects: 1.968471 ms CreateObjectMapping: 0.970399 ms MarkObjects: 24.209181 ms  DeleteObjects: 1.359750 ms)

Shader warmup: 97 shaders 1512 combinations 0.006s
Unloading 12 Unused Serialized files (Serialized files now loaded: 0)
UnloadTime: 17.242823 ms

Unloading 170 unused Assets to reduce memory usage. Loaded Objects now: 17219.
Total: 25.648659 ms (FindLiveObjects: 1.281268 ms CreateObjectMapping: 0.561598 ms MarkObjects: 22.831869 ms  DeleteObjects: 0.973309 ms)

Shader warmup: 97 shaders 1512 combinations 0.003s
Unloading 12 Unused Serialized files (Serialized files now loaded: 0)
UnloadTime: 22.305170 ms

Unloading 171 unused Assets to reduce memory usage. Loaded Objects now: 17269.
Total: 29.501147 ms (FindLiveObjects: 1.539621 ms CreateObjectMapping: 0.693422 ms MarkObjects: 26.106792 ms  DeleteObjects: 1.160593 ms)

Shader warmup: 97 shaders 1512 combinations 0.004s
The referenced script (SHRLDebugWindow) on this Behaviour is missing!
The referenced script (DebugWindowDisplay) on this Behaviour is missing!
The referenced script on this Behaviour (Game Object 'BaseSystems(Clone)') is missing!
The referenced script on this Behaviour (Game Object 'BaseSystems(Clone)') is missing!
The referenced script on this Behaviour (Game Object 'prober') is missing!
The referenced script on this Behaviour (Game Object 'AchivManager') is missing!
The referenced script on this Behaviour (Game Object 'AchivManager') is missing!
Unloading 5 Unused Serialized files (Serialized files now loaded: 0)
UnloadTime: 19.212827 ms

Unloading 1942 unused Assets to reduce memory usage. Loaded Objects now: 9127.
Total: 26.473709 ms (FindLiveObjects: 0.953028 ms CreateObjectMapping: 0.539813 ms MarkObjects: 17.726833 ms  DeleteObjects: 7.253211 ms)

Shader warmup: 97 shaders 1512 combinations 0.004s
The referenced script on this Behaviour (Game Object 'LevelFlowControl') is missing!
Unloading 15 Unused Serialized files (Serialized files now loaded: 0)
UnloadTime: 1.106196 ms

Unloading 26 unused Assets to reduce memory usage. Loaded Objects now: 19791.
Total: 26.526905 ms (FindLiveObjects: 1.560773 ms CreateObjectMapping: 0.691270 ms MarkObjects: 24.083202 ms  DeleteObjects: 0.190853 ms)

Shader warmup: 97 shaders 1512 combinations 0.004s
The referenced script (SHRLDebugWindow) on this Behaviour is missing!
The referenced script (DebugWindowDisplay) on this Behaviour is missing!
The referenced script on this Behaviour (Game Object 'BaseSystems(Clone)') is missing!
The referenced script on this Behaviour (Game Object 'BaseSystems(Clone)') is missing!
The referenced script on this Behaviour (Game Object 'prober') is missing!
The referenced script on this Behaviour (Game Object 'AchivManager') is missing!
The referenced script on this Behaviour (Game Object 'AchivManager') is missing!
Unloading 5 Unused Serialized files (Serialized files now loaded: 0)
UnloadTime: 30.821960 ms

Unloading 1683 unused Assets to reduce memory usage. Loaded Objects now: 9192.
Total: 31.082324 ms (FindLiveObjects: 1.364550 ms CreateObjectMapping: 0.762648 ms MarkObjects: 18.394495 ms  DeleteObjects: 10.559956 ms)

Shader warmup: 97 shaders 1512 combinations 0.004s
The referenced script on this Behaviour (Game Object 'LevelFlowControlNormal') is missing!
Unloading 11 Unused Serialized files (Serialized files now loaded: 0)
UnloadTime: 1.082020 ms

Unloading 21 unused Assets to reduce memory usage. Loaded Objects now: 18861.
Total: 28.147913 ms (FindLiveObjects: 1.928897 ms CreateObjectMapping: 0.965056 ms MarkObjects: 25.140006 ms  DeleteObjects: 0.113244 ms)

Shader warmup: 97 shaders 1512 combinations 0.004s
The referenced script on this Behaviour (Game Object 'LevelFlowControlNormal') is missing!
Unloading 11 Unused Serialized files (Serialized files now loaded: 0)
UnloadTime: 24.197290 ms

Unloading 191 unused Assets to reduce memory usage. Loaded Objects now: 18912.
Total: 28.794932 ms (FindLiveObjects: 1.431790 ms CreateObjectMapping: 0.627722 ms MarkObjects: 24.552247 ms  DeleteObjects: 2.182520 ms)

Shader warmup: 97 shaders 1512 combinations 0.003s
Kinematic body only supports Speculative Continuous collision detection
BoxColliders does not support negative scale or size.
The effective box size has been forced positive and is likely to give unexpected collision geometry.
If you absolutely need to use negative scaling you can use the convex MeshCollider. Scene hierarchy path "Pickups/KatanaPickup(Clone)/Offset/collider"
Kinematic body only supports Speculative Continuous collision detection
The referenced script (SHRLDebugWindow) on this Behaviour is missing!
The referenced script (DebugWindowDisplay) on this Behaviour is missing!
The referenced script on this Behaviour (Game Object 'BaseSystems(Clone)') is missing!
The referenced script on this Behaviour (Game Object 'BaseSystems(Clone)') is missing!
The referenced script on this Behaviour (Game Object 'prober') is missing!
The referenced script on this Behaviour (Game Object 'AchivManager') is missing!
The referenced script on this Behaviour (Game Object 'AchivManager') is missing!
Unloading 5 Unused Serialized files (Serialized files now loaded: 0)
UnloadTime: 17.942379 ms

Unloading 362 unused Assets to reduce memory usage. Loaded Objects now: 10598.
Total: 27.196366 ms (FindLiveObjects: 0.813449 ms CreateObjectMapping: 0.425947 ms MarkObjects: 20.516751 ms  DeleteObjects: 5.439684 ms)

Shader warmup: 97 shaders 1512 combinations 0.004s
The referenced script on this Behaviour (Game Object 'ATM Sound wind') is missing!
The referenced script on this Behaviour (Game Object 'LevelFlowControl') is missing!
Unloading 8 Unused Serialized files (Serialized files now loaded: 0)
UnloadTime: 1.096597 ms

Unloading 23 unused Assets to reduce memory usage. Loaded Objects now: 17650.
Total: 15.237350 ms (FindLiveObjects: 0.906054 ms CreateObjectMapping: 0.405765 ms MarkObjects: 13.751895 ms  DeleteObjects: 0.173126 ms)

Shader warmup: 97 shaders 1512 combinations 0.003s
The referenced script (SHRLDebugWindow) on this Behaviour is missing!
The referenced script (DebugWindowDisplay) on this Behaviour is missing!
The referenced script on this Behaviour (Game Object 'BaseSystems(Clone)') is missing!
The referenced script on this Behaviour (Game Object 'BaseSystems(Clone)') is missing!
The referenced script on this Behaviour (Game Object 'prober') is missing!
The referenced script on this Behaviour (Game Object 'AchivManager') is missing!
The referenced script on this Behaviour (Game Object 'AchivManager') is missing!
Unloading 5 Unused Serialized files (Serialized files now loaded: 0)
UnloadTime: 11.850732 ms

Unloading 1365 unused Assets to reduce memory usage. Loaded Objects now: 9431.
Total: 25.310343 ms (FindLiveObjects: 0.986492 ms CreateObjectMapping: 0.509240 ms MarkObjects: 17.624841 ms  DeleteObjects: 6.189029 ms)

Shader warmup: 97 shaders 1512 combinations 0.004s
The referenced script on this Behaviour (Game Object 'Script') is missing!
The referenced script on this Behaviour (Game Object 'Script') is missing!
The referenced script on this Behaviour (Game Object 'Script') is missing!
The referenced script on this Behaviour (Game Object 'Enemy') is missing!
The referenced script on this Behaviour (Game Object 'Enemy') is missing!
The referenced script on this Behaviour (Game Object 'Enemy') is missing!
The referenced script on this Behaviour (Game Object 'Enemy') is missing!
The referenced script on this Behaviour (Game Object 'Script') is missing!
The referenced script on this Behaviour (Game Object 'Script') is missing!
The referenced script on this Behaviour (Game Object 'Script') is missing!
The referenced script on this Behaviour (Game Object 'LevelFlowControlLevel1') is missing!
The referenced script on this Behaviour (Game Object 'LevelFlowControlLevel3') is missing!
The referenced script on this Behaviour (Game Object 'Script') is missing!
The referenced script on this Behaviour (Game Object 'Script') is missing!
The referenced script on this Behaviour (Game Object 'Script') is missing!
The referenced script on this Behaviour (Game Object 'Script') is missing!
The referenced script on this Behaviour (Game Object 'Script') is missing!
The referenced script on this Behaviour (Game Object 'Script') is missing!
The referenced script on this Behaviour (Game Object 'Script') is missing!
The referenced script on this Behaviour (Game Object 'Script') is missing!
The referenced script on this Behaviour (Game Object 'Script') is missing!
The referenced script on this Behaviour (Game Object 'Script') is missing!
The referenced script on this Behaviour (Game Object 'Script') is missing!
The referenced script on this Behaviour (Game Object 'Script') is missing!
The referenced script on this Behaviour (Game Object 'Script') is missing!
The referenced script on this Behaviour (Game Object 'Script') is missing!
The referenced script on this Behaviour (Game Object 'Script') is missing!
The referenced script on this Behaviour (Game Object 'Script') is missing!
The referenced script on this Behaviour (Game Object 'Script') is missing!
The referenced script on this Behaviour (Game Object 'Script') is missing!
The referenced script on this Behaviour (Game Object 'Script') is missing!
The referenced script on this Behaviour (Game Object 'Script') is missing!
The referenced script on this Behaviour (Game Object 'Script') is missing!
The referenced script on this Behaviour (Game Object 'Script') is missing!
The referenced script on this Behaviour (Game Object 'Script') is missing!
The referenced script on this Behaviour (Game Object 'Script') is missing!
The referenced script on this Behaviour (Game Object 'Script') is missing!
The referenced script on this Behaviour (Game Object 'Script') is missing!
The referenced script on this Behaviour (Game Object 'Script') is missing!
The referenced script on this Behaviour (Game Object 'Script') is missing!
The referenced script on this Behaviour (Game Object 'Script') is missing!
The referenced script on this Behaviour (Game Object 'Script') is missing!
The referenced script on this Behaviour (Game Object 'LevelFlowControlLevel0') is missing!
The referenced script on this Behaviour (Game Object 'Script') is missing!
The referenced script on this Behaviour (Game Object 'Script') is missing!
The referenced script on this Behaviour (Game Object 'Script') is missing!
The referenced script on this Behaviour (Game Object 'Script') is missing!
The referenced script on this Behaviour (Game Object 'Script') is missing!
The referenced script on this Behaviour (Game Object 'Script') is missing!
The referenced script on this Behaviour (Game Object 'Script') is missing!
The referenced script on this Behaviour (Game Object 'Script') is missing!
The referenced script on this Behaviour (Game Object 'Script') is missing!
The referenced script on this Behaviour (Game Object 'Script') is missing!
The referenced script on this Behaviour (Game Object 'Script') is missing!
The referenced script on this Behaviour (Game Object 'Script') is missing!
The referenced script on this Behaviour (Game Object 'Script') is missing!
The referenced script on this Behaviour (Game Object 'Script') is missing!
The referenced script on this Behaviour (Game Object 'Script') is missing!
The referenced script on this Behaviour (Game Object 'Script') is missing!
The referenced script on this Behaviour (Game Object 'Script') is missing!
The referenced script on this Behaviour (Game Object 'Script') is missing!
The referenced script on this Behaviour (Game Object 'LevelFlowControlLevel2') is missing!
The referenced script on this Behaviour (Game Object 'Script') is missing!
The referenced script on this Behaviour (Game Object 'Script') is missing!
The referenced script on this Behaviour (Game Object 'Script') is missing!
The referenced script on this Behaviour (Game Object 'Script') is missing!
The referenced script on this Behaviour (Game Object 'Script') is missing!
The referenced script on this Behaviour (Game Object 'Script') is missing!
The referenced script on this Behaviour (Game Object 'LevelFlowControlLevel4') is missing!
The referenced script on this Behaviour (Game Object 'Script') is missing!
The referenced script on this Behaviour (Game Object 'Script') is missing!
The referenced script on this Behaviour (Game Object 'Script') is missing!
The referenced script on this Behaviour (Game Object 'Script') is missing!
The referenced script on this Behaviour (Game Object 'Script') is missing!
The referenced script on this Behaviour (Game Object 'Script') is missing!
The referenced script on this Behaviour (Game Object 'Script') is missing!
The referenced script on this Behaviour (Game Object 'Script') is missing!
The referenced script on this Behaviour (Game Object 'Script') is missing!
The referenced script on this Behaviour (Game Object 'Script') is missing!
The referenced script on this Behaviour (Game Object 'Script') is missing!
The referenced script on this Behaviour (Game Object 'Script') is missing!
The referenced script on this Behaviour (Game Object 'Script') is missing!
The referenced script on this Behaviour (Game Object 'Script') is missing!
The referenced script on this Behaviour (Game Object 'Script') is missing!
The referenced script on this Behaviour (Game Object 'Enemy') is missing!
The referenced script on this Behaviour (Game Object 'Enemy') is missing!
The referenced script on this Behaviour (Game Object 'Enemy') is missing!
The referenced script on this Behaviour (Game Object 'Enemy') is missing!
The referenced script on this Behaviour (Game Object 'Script') is missing!
The referenced script on this Behaviour (Game Object 'Script') is missing!
The referenced script on this Behaviour (Game Object 'Script') is missing!
The referenced script on this Behaviour (Game Object 'Script') is missing!
The referenced script on this Behaviour (Game Object 'Script') is missing!
The referenced script on this Behaviour (Game Object 'Script') is missing!
The referenced script on this Behaviour (Game Object 'Script') is missing!
The referenced script on this Behaviour (Game Object 'Script') is missing!
The referenced script on this Behaviour (Game Object 'Script') is missing!
The referenced script on this Behaviour (Game Object 'Script') is missing!
The referenced script on this Behaviour (Game Object 'Script') is missing!
The referenced script on this Behaviour (Game Object 'Script') is missing!
The referenced script on this Behaviour (Game Object 'Script') is missing!
The referenced script on this Behaviour (Game Object 'Script') is missing!
The referenced script on this Behaviour (Game Object 'Script') is missing!
Unloading 19 Unused Serialized files (Serialized files now loaded: 0)
UnloadTime: 1.039501 ms

Unloading 24 unused Assets to reduce memory usage. Loaded Objects now: 31371.
Total: 32.007918 ms (FindLiveObjects: 2.398718 ms CreateObjectMapping: 0.764042 ms MarkObjects: 28.723731 ms  DeleteObjects: 0.120906 ms)

Shader warmup: 97 shaders 1512 combinations 0.003s
The referenced script on this Behaviour (Game Object 'Script') is missing!
The referenced script on this Behaviour (Game Object 'Script') is missing!
The referenced script on this Behaviour (Game Object 'Script') is missing!
The referenced script on this Behaviour (Game Object 'Enemy') is missing!
The referenced script on this Behaviour (Game Object 'Enemy') is missing!
The referenced script on this Behaviour (Game Object 'Enemy') is missing!
The referenced script on this Behaviour (Game Object 'Enemy') is missing!
The referenced script on this Behaviour (Game Object 'Script') is missing!
The referenced script on this Behaviour (Game Object 'Script') is missing!
The referenced script on this Behaviour (Game Object 'Script') is missing!
The referenced script on this Behaviour (Game Object 'LevelFlowControlLevel1') is missing!
The referenced script on this Behaviour (Game Object 'LevelFlowControlLevel3') is missing!
The referenced script on this Behaviour (Game Object 'Script') is missing!
The referenced script on this Behaviour (Game Object 'Script') is missing!
The referenced script on this Behaviour (Game Object 'Script') is missing!
The referenced script on this Behaviour (Game Object 'Script') is missing!
The referenced script on this Behaviour (Game Object 'Script') is missing!
The referenced script on this Behaviour (Game Object 'Script') is missing!
The referenced script on this Behaviour (Game Object 'Script') is missing!
The referenced script on this Behaviour (Game Object 'Script') is missing!
The referenced script on this Behaviour (Game Object 'Script') is missing!
The referenced script on this Behaviour (Game Object 'Script') is missing!
The referenced script on this Behaviour (Game Object 'Script') is missing!
The referenced script on this Behaviour (Game Object 'Script') is missing!
The referenced script on this Behaviour (Game Object 'Script') is missing!
The referenced script on this Behaviour (Game Object 'Script') is missing!
The referenced script on this Behaviour (Game Object 'Script') is missing!
The referenced script on this Behaviour (Game Object 'Script') is missing!
The referenced script on this Behaviour (Game Object 'Script') is missing!
The referenced script on this Behaviour (Game Object 'Script') is missing!
The referenced script on this Behaviour (Game Object 'Script') is missing!
The referenced script on this Behaviour (Game Object 'Script') is missing!
The referenced script on this Behaviour (Game Object 'Script') is missing!
The referenced script on this Behaviour (Game Object 'Script') is missing!
The referenced script on this Behaviour (Game Object 'Script') is missing!
The referenced script on this Behaviour (Game Object 'Script') is missing!
The referenced script on this Behaviour (Game Object 'Script') is missing!
The referenced script on this Behaviour (Game Object 'Script') is missing!
The referenced script on this Behaviour (Game Object 'Script') is missing!
The referenced script on this Behaviour (Game Object 'Script') is missing!
The referenced script on this Behaviour (Game Object 'Script') is missing!
The referenced script on this Behaviour (Game Object 'Script') is missing!
The referenced script on this Behaviour (Game Object 'LevelFlowControlLevel0') is missing!
The referenced script on this Behaviour (Game Object 'Script') is missing!
The referenced script on this Behaviour (Game Object 'Script') is missing!
The referenced script on this Behaviour (Game Object 'Script') is missing!
The referenced script on this Behaviour (Game Object 'Script') is missing!
The referenced script on this Behaviour (Game Object 'Script') is missing!
The referenced script on this Behaviour (Game Object 'Script') is missing!
The referenced script on this Behaviour (Game Object 'Script') is missing!
The referenced script on this Behaviour (Game Object 'Script') is missing!
The referenced script on this Behaviour (Game Object 'Script') is missing!
The referenced script on this Behaviour (Game Object 'Script') is missing!
The referenced script on this Behaviour (Game Object 'Script') is missing!
The referenced script on this Behaviour (Game Object 'Script') is missing!
The referenced script on this Behaviour (Game Object 'Script') is missing!
The referenced script on this Behaviour (Game Object 'Script') is missing!
The referenced script on this Behaviour (Game Object 'Script') is missing!
The referenced script on this Behaviour (Game Object 'Script') is missing!
The referenced script on this Behaviour (Game Object 'Script') is missing!
The referenced script on this Behaviour (Game Object 'Script') is missing!
The referenced script on this Behaviour (Game Object 'LevelFlowControlLevel2') is missing!
The referenced script on this Behaviour (Game Object 'Script') is missing!
The referenced script on this Behaviour (Game Object 'Script') is missing!
The referenced script on this Behaviour (Game Object 'Script') is missing!
The referenced script on this Behaviour (Game Object 'Script') is missing!
The referenced script on this Behaviour (Game Object 'Script') is missing!
The referenced script on this Behaviour (Game Object 'Script') is missing!
The referenced script on this Behaviour (Game Object 'LevelFlowControlLevel4') is missing!
The referenced script on this Behaviour (Game Object 'Script') is missing!
The referenced script on this Behaviour (Game Object 'Script') is missing!
The referenced script on this Behaviour (Game Object 'Script') is missing!
The referenced script on this Behaviour (Game Object 'Script') is missing!
The referenced script on this Behaviour (Game Object 'Script') is missing!
The referenced script on this Behaviour (Game Object 'Script') is missing!
The referenced script on this Behaviour (Game Object 'Script') is missing!
The referenced script on this Behaviour (Game Object 'Script') is missing!
The referenced script on this Behaviour (Game Object 'Script') is missing!
The referenced script on this Behaviour (Game Object 'Script') is missing!
The referenced script on this Behaviour (Game Object 'Script') is missing!
The referenced script on this Behaviour (Game Object 'Script') is missing!
The referenced script on this Behaviour (Game Object 'Script') is missing!
The referenced script on this Behaviour (Game Object 'Script') is missing!
The referenced script on this Behaviour (Game Object 'Script') is missing!
The referenced script on this Behaviour (Game Object 'Enemy') is missing!
The referenced script on this Behaviour (Game Object 'Enemy') is missing!
The referenced script on this Behaviour (Game Object 'Enemy') is missing!
The referenced script on this Behaviour (Game Object 'Enemy') is missing!
The referenced script on this Behaviour (Game Object 'Script') is missing!
The referenced script on this Behaviour (Game Object 'Script') is missing!
The referenced script on this Behaviour (Game Object 'Script') is missing!
The referenced script on this Behaviour (Game Object 'Script') is missing!
The referenced script on this Behaviour (Game Object 'Script') is missing!
The referenced script on this Behaviour (Game Object 'Script') is missing!
The referenced script on this Behaviour (Game Object 'Script') is missing!
The referenced script on this Behaviour (Game Object 'Script') is missing!
The referenced script on this Behaviour (Game Object 'Script') is missing!
The referenced script on this Behaviour (Game Object 'Script') is missing!
The referenced script on this Behaviour (Game Object 'Script') is missing!
The referenced script on this Behaviour (Game Object 'Script') is missing!
The referenced script on this Behaviour (Game Object 'Script') is missing!
The referenced script on this Behaviour (Game Object 'Script') is missing!
The referenced script on this Behaviour (Game Object 'Script') is missing!
Unloading 19 Unused Serialized files (Serialized files now loaded: 0)
UnloadTime: 37.081964 ms

Unloading 207 unused Assets to reduce memory usage. Loaded Objects now: 31419.
Total: 30.519677 ms (FindLiveObjects: 2.212329 ms CreateObjectMapping: 0.767769 ms MarkObjects: 24.722772 ms  DeleteObjects: 2.816217 ms)

Shader warmup: 97 shaders 1512 combinations 0.003s
The referenced script on this Behaviour (Game Object 'Script') is missing!
The referenced script on this Behaviour (Game Object 'Script') is missing!
The referenced script on this Behaviour (Game Object 'Script') is missing!
The referenced script on this Behaviour (Game Object 'Enemy') is missing!
The referenced script on this Behaviour (Game Object 'Enemy') is missing!
The referenced script on this Behaviour (Game Object 'Enemy') is missing!
The referenced script on this Behaviour (Game Object 'Enemy') is missing!
The referenced script on this Behaviour (Game Object 'Script') is missing!
The referenced script on this Behaviour (Game Object 'Script') is missing!
The referenced script on this Behaviour (Game Object 'Script') is missing!
The referenced script on this Behaviour (Game Object 'LevelFlowControlLevel1') is missing!
The referenced script on this Behaviour (Game Object 'LevelFlowControlLevel3') is missing!
The referenced script on this Behaviour (Game Object 'Script') is missing!
The referenced script on this Behaviour (Game Object 'Script') is missing!
The referenced script on this Behaviour (Game Object 'Script') is missing!
The referenced script on this Behaviour (Game Object 'Script') is missing!
The referenced script on this Behaviour (Game Object 'Script') is missing!
The referenced script on this Behaviour (Game Object 'Script') is missing!
The referenced script on this Behaviour (Game Object 'Script') is missing!
The referenced script on this Behaviour (Game Object 'Script') is missing!
The referenced script on this Behaviour (Game Object 'Script') is missing!
The referenced script on this Behaviour (Game Object 'Script') is missing!
The referenced script on this Behaviour (Game Object 'Script') is missing!
The referenced script on this Behaviour (Game Object 'Script') is missing!
The referenced script on this Behaviour (Game Object 'Script') is missing!
The referenced script on this Behaviour (Game Object 'Script') is missing!
The referenced script on this Behaviour (Game Object 'Script') is missing!
The referenced script on this Behaviour (Game Object 'Script') is missing!
The referenced script on this Behaviour (Game Object 'Script') is missing!
The referenced script on this Behaviour (Game Object 'Script') is missing!
The referenced script on this Behaviour (Game Object 'Script') is missing!
The referenced script on this Behaviour (Game Object 'Script') is missing!
The referenced script on this Behaviour (Game Object 'Script') is missing!
The referenced script on this Behaviour (Game Object 'Script') is missing!
The referenced script on this Behaviour (Game Object 'Script') is missing!
The referenced script on this Behaviour (Game Object 'Script') is missing!
The referenced script on this Behaviour (Game Object 'Script') is missing!
The referenced script on this Behaviour (Game Object 'Script') is missing!
The referenced script on this Behaviour (Game Object 'Script') is missing!
The referenced script on this Behaviour (Game Object 'Script') is missing!
The referenced script on this Behaviour (Game Object 'Script') is missing!
The referenced script on this Behaviour (Game Object 'Script') is missing!
The referenced script on this Behaviour (Game Object 'LevelFlowControlLevel0') is missing!
The referenced script on this Behaviour (Game Object 'Script') is missing!
The referenced script on this Behaviour (Game Object 'Script') is missing!
The referenced script on this Behaviour (Game Object 'Script') is missing!
The referenced script on this Behaviour (Game Object 'Script') is missing!
The referenced script on this Behaviour (Game Object 'Script') is missing!
The referenced script on this Behaviour (Game Object 'Script') is missing!
The referenced script on this Behaviour (Game Object 'Script') is missing!
The referenced script on this Behaviour (Game Object 'Script') is missing!
The referenced script on this Behaviour (Game Object 'Script') is missing!
The referenced script on this Behaviour (Game Object 'Script') is missing!
The referenced script on this Behaviour (Game Object 'Script') is missing!
The referenced script on this Behaviour (Game Object 'Script') is missing!
The referenced script on this Behaviour (Game Object 'Script') is missing!
The referenced script on this Behaviour (Game Object 'Script') is missing!
The referenced script on this Behaviour (Game Object 'Script') is missing!
The referenced script on this Behaviour (Game Object 'Script') is missing!
The referenced script on this Behaviour (Game Object 'Script') is missing!
The referenced script on this Behaviour (Game Object 'Script') is missing!
The referenced script on this Behaviour (Game Object 'LevelFlowControlLevel2') is missing!
The referenced script on this Behaviour (Game Object 'Script') is missing!
The referenced script on this Behaviour (Game Object 'Script') is missing!
The referenced script on this Behaviour (Game Object 'Script') is missing!
The referenced script on this Behaviour (Game Object 'Script') is missing!
The referenced script on this Behaviour (Game Object 'Script') is missing!
The referenced script on this Behaviour (Game Object 'Script') is missing!
The referenced script on this Behaviour (Game Object 'LevelFlowControlLevel4') is missing!
The referenced script on this Behaviour (Game Object 'Script') is missing!
The referenced script on this Behaviour (Game Object 'Script') is missing!
The referenced script on this Behaviour (Game Object 'Script') is missing!
The referenced script on this Behaviour (Game Object 'Script') is missing!
The referenced script on this Behaviour (Game Object 'Script') is missing!
The referenced script on this Behaviour (Game Object 'Script') is missing!
The referenced script on this Behaviour (Game Object 'Script') is missing!
The referenced script on this Behaviour (Game Object 'Script') is missing!
The referenced script on this Behaviour (Game Object 'Script') is missing!
The referenced script on this Behaviour (Game Object 'Script') is missing!
The referenced script on this Behaviour (Game Object 'Script') is missing!
The referenced script on this Behaviour (Game Object 'Script') is missing!
The referenced script on this Behaviour (Game Object 'Script') is missing!
The referenced script on this Behaviour (Game Object 'Script') is missing!
The referenced script on this Behaviour (Game Object 'Script') is missing!
The referenced script on this Behaviour (Game Object 'Enemy') is missing!
The referenced script on this Behaviour (Game Object 'Enemy') is missing!
The referenced script on this Behaviour (Game Object 'Enemy') is missing!
The referenced script on this Behaviour (Game Object 'Enemy') is missing!
The referenced script on this Behaviour (Game Object 'Script') is missing!
The referenced script on this Behaviour (Game Object 'Script') is missing!
The referenced script on this Behaviour (Game Object 'Script') is missing!
The referenced script on this Behaviour (Game Object 'Script') is missing!
The referenced script on this Behaviour (Game Object 'Script') is missing!
The referenced script on this Behaviour (Game Object 'Script') is missing!
The referenced script on this Behaviour (Game Object 'Script') is missing!
The referenced script on this Behaviour (Game Object 'Script') is missing!
The referenced script on this Behaviour (Game Object 'Script') is missing!
The referenced script on this Behaviour (Game Object 'Script') is missing!
The referenced script on this Behaviour (Game Object 'Script') is missing!
The referenced script on this Behaviour (Game Object 'Script') is missing!
The referenced script on this Behaviour (Game Object 'Script') is missing!
The referenced script on this Behaviour (Game Object 'Script') is missing!
The referenced script on this Behaviour (Game Object 'Script') is missing!
Unloading 19 Unused Serialized files (Serialized files now loaded: 0)
UnloadTime: 36.349562 ms

Unloading 206 unused Assets to reduce memory usage. Loaded Objects now: 31459.
Total: 29.590055 ms (FindLiveObjects: 1.857063 ms CreateObjectMapping: 0.661338 ms MarkObjects: 24.242733 ms  DeleteObjects: 2.828327 ms)

Shader warmup: 97 shaders 1512 combinations 0.003s
The referenced script on this Behaviour (Game Object 'Script') is missing!
The referenced script on this Behaviour (Game Object 'Script') is missing!
The referenced script on this Behaviour (Game Object 'Script') is missing!
The referenced script on this Behaviour (Game Object 'Enemy') is missing!
The referenced script on this Behaviour (Game Object 'Enemy') is missing!
The referenced script on this Behaviour (Game Object 'Enemy') is missing!
The referenced script on this Behaviour (Game Object 'Enemy') is missing!
The referenced script on this Behaviour (Game Object 'Script') is missing!
The referenced script on this Behaviour (Game Object 'Script') is missing!
The referenced script on this Behaviour (Game Object 'Script') is missing!
The referenced script on this Behaviour (Game Object 'LevelFlowControlLevel1') is missing!
The referenced script on this Behaviour (Game Object 'LevelFlowControlLevel3') is missing!
The referenced script on this Behaviour (Game Object 'Script') is missing!
The referenced script on this Behaviour (Game Object 'Script') is missing!
The referenced script on this Behaviour (Game Object 'Script') is missing!
The referenced script on this Behaviour (Game Object 'Script') is missing!
The referenced script on this Behaviour (Game Object 'Script') is missing!
The referenced script on this Behaviour (Game Object 'Script') is missing!
The referenced script on this Behaviour (Game Object 'Script') is missing!
The referenced script on this Behaviour (Game Object 'Script') is missing!
The referenced script on this Behaviour (Game Object 'Script') is missing!
The referenced script on this Behaviour (Game Object 'Script') is missing!
The referenced script on this Behaviour (Game Object 'Script') is missing!
The referenced script on this Behaviour (Game Object 'Script') is missing!
The referenced script on this Behaviour (Game Object 'Script') is missing!
The referenced script on this Behaviour (Game Object 'Script') is missing!
The referenced script on this Behaviour (Game Object 'Script') is missing!
The referenced script on this Behaviour (Game Object 'Script') is missing!
The referenced script on this Behaviour (Game Object 'Script') is missing!
The referenced script on this Behaviour (Game Object 'Script') is missing!
The referenced script on this Behaviour (Game Object 'Script') is missing!
The referenced script on this Behaviour (Game Object 'Script') is missing!
The referenced script on this Behaviour (Game Object 'Script') is missing!
The referenced script on this Behaviour (Game Object 'Script') is missing!
The referenced script on this Behaviour (Game Object 'Script') is missing!
The referenced script on this Behaviour (Game Object 'Script') is missing!
The referenced script on this Behaviour (Game Object 'Script') is missing!
The referenced script on this Behaviour (Game Object 'Script') is missing!
The referenced script on this Behaviour (Game Object 'Script') is missing!
The referenced script on this Behaviour (Game Object 'Script') is missing!
The referenced script on this Behaviour (Game Object 'Script') is missing!
The referenced script on this Behaviour (Game Object 'Script') is missing!
The referenced script on this Behaviour (Game Object 'LevelFlowControlLevel0') is missing!
The referenced script on this Behaviour (Game Object 'Script') is missing!
The referenced script on this Behaviour (Game Object 'Script') is missing!
The referenced script on this Behaviour (Game Object 'Script') is missing!
The referenced script on this Behaviour (Game Object 'Script') is missing!
The referenced script on this Behaviour (Game Object 'Script') is missing!
The referenced script on this Behaviour (Game Object 'Script') is missing!
The referenced script on this Behaviour (Game Object 'Script') is missing!
The referenced script on this Behaviour (Game Object 'Script') is missing!
The referenced script on this Behaviour (Game Object 'Script') is missing!
The referenced script on this Behaviour (Game Object 'Script') is missing!
The referenced script on this Behaviour (Game Object 'Script') is missing!
The referenced script on this Behaviour (Game Object 'Script') is missing!
The referenced script on this Behaviour (Game Object 'Script') is missing!
The referenced script on this Behaviour (Game Object 'Script') is missing!
The referenced script on this Behaviour (Game Object 'Script') is missing!
The referenced script on this Behaviour (Game Object 'Script') is missing!
The referenced script on this Behaviour (Game Object 'Script') is missing!
The referenced script on this Behaviour (Game Object 'Script') is missing!
The referenced script on this Behaviour (Game Object 'LevelFlowControlLevel2') is missing!
The referenced script on this Behaviour (Game Object 'Script') is missing!
The referenced script on this Behaviour (Game Object 'Script') is missing!
The referenced script on this Behaviour (Game Object 'Script') is missing!
The referenced script on this Behaviour (Game Object 'Script') is missing!
The referenced script on this Behaviour (Game Object 'Script') is missing!
The referenced script on this Behaviour (Game Object 'Script') is missing!
The referenced script on this Behaviour (Game Object 'LevelFlowControlLevel4') is missing!
The referenced script on this Behaviour (Game Object 'Script') is missing!
The referenced script on this Behaviour (Game Object 'Script') is missing!
The referenced script on this Behaviour (Game Object 'Script') is missing!
The referenced script on this Behaviour (Game Object 'Script') is missing!
The referenced script on this Behaviour (Game Object 'Script') is missing!
The referenced script on this Behaviour (Game Object 'Script') is missing!
The referenced script on this Behaviour (Game Object 'Script') is missing!
The referenced script on this Behaviour (Game Object 'Script') is missing!
The referenced script on this Behaviour (Game Object 'Script') is missing!
The referenced script on this Behaviour (Game Object 'Script') is missing!
The referenced script on this Behaviour (Game Object 'Script') is missing!
The referenced script on this Behaviour (Game Object 'Script') is missing!
The referenced script on this Behaviour (Game Object 'Script') is missing!
The referenced script on this Behaviour (Game Object 'Script') is missing!
The referenced script on this Behaviour (Game Object 'Script') is missing!
The referenced script on this Behaviour (Game Object 'Enemy') is missing!
The referenced script on this Behaviour (Game Object 'Enemy') is missing!
The referenced script on this Behaviour (Game Object 'Enemy') is missing!
The referenced script on this Behaviour (Game Object 'Enemy') is missing!
The referenced script on this Behaviour (Game Object 'Script') is missing!
The referenced script on this Behaviour (Game Object 'Script') is missing!
The referenced script on this Behaviour (Game Object 'Script') is missing!
The referenced script on this Behaviour (Game Object 'Script') is missing!
The referenced script on this Behaviour (Game Object 'Script') is missing!
The referenced script on this Behaviour (Game Object 'Script') is missing!
The referenced script on this Behaviour (Game Object 'Script') is missing!
The referenced script on this Behaviour (Game Object 'Script') is missing!
The referenced script on this Behaviour (Game Object 'Script') is missing!
The referenced script on this Behaviour (Game Object 'Script') is missing!
The referenced script on this Behaviour (Game Object 'Script') is missing!
The referenced script on this Behaviour (Game Object 'Script') is missing!
The referenced script on this Behaviour (Game Object 'Script') is missing!
The referenced script on this Behaviour (Game Object 'Script') is missing!
The referenced script on this Behaviour (Game Object 'Script') is missing!
Unloading 19 Unused Serialized files (Serialized files now loaded: 0)
UnloadTime: 23.219346 ms

Unloading 206 unused Assets to reduce memory usage. Loaded Objects now: 31499.
Total: 23.420858 ms (FindLiveObjects: 1.730940 ms CreateObjectMapping: 0.531108 ms MarkObjects: 18.699872 ms  DeleteObjects: 2.458471 ms)

Shader warmup: 97 shaders 1512 combinations 0.003s
The referenced script (SHRLDebugWindow) on this Behaviour is missing!
The referenced script (DebugWindowDisplay) on this Behaviour is missing!
The referenced script on this Behaviour (Game Object 'BaseSystems(Clone)') is missing!
The referenced script on this Behaviour (Game Object 'BaseSystems(Clone)') is missing!
The referenced script on this Behaviour (Game Object 'prober') is missing!
The referenced script on this Behaviour (Game Object 'AchivManager') is missing!
The referenced script on this Behaviour (Game Object 'AchivManager') is missing!
Unloading 5 Unused Serialized files (Serialized files now loaded: 0)
UnloadTime: 31.407572 ms

Unloading 515 unused Assets to reduce memory usage. Loaded Objects now: 10849.
Total: 24.800547 ms (FindLiveObjects: 0.953463 ms CreateObjectMapping: 0.450900 ms MarkObjects: 15.373531 ms  DeleteObjects: 8.022050 ms)

Shader warmup: 97 shaders 1512 combinations 0.003s
Couldn't create a Convex Mesh from source mesh "Cube" within the maximum polygons limit (256). The partial hull will be used. Consider simplifying your mesh.
The referenced script on this Behaviour (Game Object 'LevelFlowControl') is missing!
Unloading 7 Unused Serialized files (Serialized files now loaded: 0)
UnloadTime: 0.739933 ms

Unloading 20 unused Assets to reduce memory usage. Loaded Objects now: 22167.
Total: 19.276861 ms (FindLiveObjects: 1.475415 ms CreateObjectMapping: 0.489759 ms MarkObjects: 17.219993 ms  DeleteObjects: 0.091210 ms)

Shader warmup: 97 shaders 1512 combinations 0.003s
old audio! plase remove the atmSoundFader.cs script and attach the audio to the ambience mixer
The referenced script on this Behaviour (Game Object 'LevelFlowControl') is missing!
Unloading 7 Unused Serialized files (Serialized files now loaded: 0)
UnloadTime: 24.009071 ms

Unloading 204 unused Assets to reduce memory usage. Loaded Objects now: 22214.
Total: 25.646184 ms (FindLiveObjects: 1.816758 ms CreateObjectMapping: 0.641074 ms MarkObjects: 20.242602 ms  DeleteObjects: 2.945053 ms)

Shader warmup: 97 shaders 1512 combinations 0.004s
old audio! plase remove the atmSoundFader.cs script and attach the audio to the ambience mixer
The referenced script on this Behaviour (Game Object 'LevelFlowControl') is missing!
Unloading 8 Unused Serialized files (Serialized files now loaded: 0)
UnloadTime: 12.879611 ms

Unloading 440 unused Assets to reduce memory usage. Loaded Objects now: 20170.
Total: 18.730151 ms (FindLiveObjects: 1.115509 ms CreateObjectMapping: 0.389727 ms MarkObjects: 13.716593 ms  DeleteObjects: 3.508022 ms)

Shader warmup: 97 shaders 1512 combinations 0.003s
Kinematic body only supports Speculative Continuous collision detection
Kinematic body only supports Speculative Continuous collision detection
The referenced script on this Behaviour (Game Object 'LevelFlowControl') is missing!
Unloading 8 Unused Serialized files (Serialized files now loaded: 0)
UnloadTime: 16.493975 ms

Unloading 336 unused Assets to reduce memory usage. Loaded Objects now: 17333.
Total: 30.392163 ms (FindLiveObjects: 1.728845 ms CreateObjectMapping: 0.704000 ms MarkObjects: 22.310466 ms  DeleteObjects: 5.648026 ms)

Shader warmup: 98 shaders 1528 combinations 0.023s
car started
car stopped
The referenced script on this Behaviour (Game Object 'LevelFlowControl') is missing!
Unloading 8 Unused Serialized files (Serialized files now loaded: 0)
UnloadTime: 14.104945 ms

Unloading 226 unused Assets to reduce memory usage. Loaded Objects now: 17379.
Total: 24.231998 ms (FindLiveObjects: 1.281707 ms CreateObjectMapping: 0.487518 ms MarkObjects: 19.998266 ms  DeleteObjects: 2.464004 ms)

Shader warmup: 98 shaders 1528 combinations 0.003s
car started
car stopped
The referenced script on this Behaviour (Game Object 'LevelFlowControl') is missing!
Unloading 8 Unused Serialized files (Serialized files now loaded: 0)
UnloadTime: 16.794091 ms

Unloading 224 unused Assets to reduce memory usage. Loaded Objects now: 17416.
Total: 29.720646 ms (FindLiveObjects: 1.662672 ms CreateObjectMapping: 0.668241 ms MarkObjects: 24.233019 ms  DeleteObjects: 3.156020 ms)

Shader warmup: 98 shaders 1528 combinations 0.004s
car started
The referenced script on this Behaviour (Game Object 'LevelFlowControl') is missing!
Unloading 8 Unused Serialized files (Serialized files now loaded: 0)
UnloadTime: 15.161767 ms

Unloading 223 unused Assets to reduce memory usage. Loaded Objects now: 17449.
Total: 28.391230 ms (FindLiveObjects: 1.734324 ms CreateObjectMapping: 0.722607 ms MarkObjects: 22.446426 ms  DeleteObjects: 3.487111 ms)

Shader warmup: 98 shaders 1528 combinations 0.004s
car started
car stopped
The referenced script on this Behaviour (Game Object 'LevelFlowControl') is missing!
Unloading 8 Unused Serialized files (Serialized files now loaded: 0)
UnloadTime: 25.219728 ms

Unloading 224 unused Assets to reduce memory usage. Loaded Objects now: 17493.
Total: 33.574037 ms (FindLiveObjects: 1.787617 ms CreateObjectMapping: 0.711557 ms MarkObjects: 27.866332 ms  DeleteObjects: 3.207635 ms)

Shader warmup: 98 shaders 1528 combinations 0.004s
car started
car stopped
The referenced script on this Behaviour (Game Object 'LevelFlowControl') is missing!
Unloading 8 Unused Serialized files (Serialized files now loaded: 0)
UnloadTime: 14.757790 ms

Unloading 223 unused Assets to reduce memory usage. Loaded Objects now: 17527.
Total: 28.101741 ms (FindLiveObjects: 1.709827 ms CreateObjectMapping: 0.673369 ms MarkObjects: 22.627089 ms  DeleteObjects: 3.090746 ms)

Shader warmup: 98 shaders 1528 combinations 0.004s
car started
The referenced script on this Behaviour (Game Object 'LevelFlowControl') is missing!
Unloading 8 Unused Serialized files (Serialized files now loaded: 0)
UnloadTime: 12.764895 ms

Unloading 223 unused Assets to reduce memory usage. Loaded Objects now: 17561.
Total: 28.344424 ms (FindLiveObjects: 1.667509 ms CreateObjectMapping: 0.699853 ms MarkObjects: 22.579087 ms  DeleteObjects: 3.397292 ms)

Shader warmup: 98 shaders 1528 combinations 0.004s
car started
car stopped
The referenced script on this Behaviour (Game Object 'LevelFlowControl') is missing!
Unloading 8 Unused Serialized files (Serialized files now loaded: 0)
UnloadTime: 25.401518 ms

Unloading 225 unused Assets to reduce memory usage. Loaded Objects now: 17603.
Total: 36.812808 ms (FindLiveObjects: 1.734347 ms CreateObjectMapping: 0.621058 ms MarkObjects: 31.701795 ms  DeleteObjects: 2.754647 ms)

Shader warmup: 98 shaders 1528 combinations 0.004s
car started
car stopped
The referenced script on this Behaviour (Game Object 'LevelFlowControl') is missing!
Unloading 8 Unused Serialized files (Serialized files now loaded: 0)
UnloadTime: 16.197361 ms

Unloading 364 unused Assets to reduce memory usage. Loaded Objects now: 17642.
Total: 22.185434 ms (FindLiveObjects: 1.112750 ms CreateObjectMapping: 0.476411 ms MarkObjects: 15.253821 ms  DeleteObjects: 5.342016 ms)

Shader warmup: 98 shaders 1528 combinations 0.003s
car started
car stopped
The referenced script on this Behaviour (Game Object 'LevelFlowControl') is missing!
Unloading 8 Unused Serialized files (Serialized files now loaded: 0)
UnloadTime: 27.080437 ms

Unloading 225 unused Assets to reduce memory usage. Loaded Objects now: 17687.
Total: 37.062563 ms (FindLiveObjects: 1.794618 ms CreateObjectMapping: 0.710037 ms MarkObjects: 31.303501 ms  DeleteObjects: 3.253660 ms)

Shader warmup: 98 shaders 1528 combinations 0.004s
car started
The referenced script (SHRLDebugWindow) on this Behaviour is missing!
The referenced script (DebugWindowDisplay) on this Behaviour is missing!
The referenced script on this Behaviour (Game Object 'BaseSystems(Clone)') is missing!
The referenced script on this Behaviour (Game Object 'BaseSystems(Clone)') is missing!
The referenced script on this Behaviour (Game Object 'prober') is missing!
The referenced script on this Behaviour (Game Object 'AchivManager') is missing!
The referenced script on this Behaviour (Game Object 'AchivManager') is missing!
Unloading 5 Unused Serialized files (Serialized files now loaded: 0)
UnloadTime: 13.764875 ms

Unloading 1884 unused Assets to reduce memory usage. Loaded Objects now: 10162.
Total: 32.822444 ms (FindLiveObjects: 1.347123 ms CreateObjectMapping: 0.746384 ms MarkObjects: 18.802827 ms  DeleteObjects: 11.925426 ms)

Shader warmup: 98 shaders 1528 combinations 0.004s
QUITTING VIA APPquit
Curl error 42: Callback aborted
